   0  $accept : %entry% $end

   1  input :
   2        | input LOAD
   3        | input SHOWCONTEXT DOUBLESEMI
   4        | input DOUBLESEMI
   5        | input oneREPL

   6  oneREPL : Command DOUBLESEMI
   7          | Command SEMI oneREPL

   8  toplevel : EOF
   9           | Command SEMI toplevel

  10  Command : TermWrap
  11          | UCID TyBinder
  12          | LCID Binder

  13  TyBinder :
  14           | EQ Type

  15  Binder : COLON Type
  16         | EQ Term

  17  Type : ArrowType
  18       | REFTYPE AType

  19  ArrowType : AType ARROW ArrowType
  20            | AType

  21  AType : UCID
  22        | LPAREN Type RPAREN
  23        | TOP
  24        | FLOAT
  25        | STRING
  26        | BOOL
  27        | NAT
  28        | UNITTYPE
  29        | LCURLY TyFields RCURLY
  30        | LT TyFields GT
  31        | LIST Type

  32  LType : LSQUARE Type RSQUARE

  33  TyFields :
  34           | NETyFields

  35  NETyFields : TyField
  36             | TyField COMMA NETyFields

  37  TyField : LCID COLON Type
  38          | Type

  39  TermWrap : TermWrap COMMA LCID EQ Term
  40           | Term WHERE LCID EQ Term
  41           | Term

  42  Cases : Case
  43        | Case VBAR Cases

  44  Case : LT LCID EQ LCID GT DARROW AppTerm

  45  Term : AppTerm
  46       | AppTerm COLONEQ AppTerm
  47       | CASE Term OF Cases
  48       | Term COLON Term
  49       | LET LCID EQ Term IN Term
  50       | LET USCORE EQ Term IN Term
  51       | LAMBDA LCID COLON Type DOT Term
  52       | IF Term THEN Term ELSE Term
  53       | LETREC LCID COLON Type EQ Term IN Term
  54       | CONS LType ATerm ATerm
  55       | HEAD LType ATerm
  56       | TAIL LType ATerm
  57       | ISNIL LType ATerm

  58  AppTerm : PathTerm
  59          | PathTerm TIMESFLOAT PathTerm
  60          | FIX PathTerm
  61          | REF PathTerm
  62          | BANG PathTerm
  63          | SUCC PathTerm
  64          | PRED PathTerm
  65          | ISZERO PathTerm
  66          | AppTerm PathTerm

  67  PathTerm : PathTerm DOT LCID
  68           | PathTerm DOT INTV
  69           | AscribeTerm

  70  AscribeTerm : ATerm AS Type
  71              | ATerm

  72  ATerm : LPAREN TermSeq RPAREN
  73        | LCURLY Fields RCURLY
  74        | LT LCID EQ Term GT AS Type
  75        | LCID
  76        | STRINGV
  77        | FLOATV
  78        | UNIT
  79        | TRUE
  80        | FALSE
  81        | INTV
  82        | NIL LType

  83  TermSeq : Term
  84          | Term SEMI TermSeq

  85  Fields :
  86         | NEFields

  87  NEFields : Field
  88           | Field COMMA NEFields

  89  Field : LCID EQ Term
  90        | Term

  91  %entry% : '\001' toplevel
  92          | '\002' input

state 0
	$accept : . %entry% $end  (0)

	'\001'  shift 1
	'\002'  shift 2
	.  error

	%entry%  goto 3


state 1
	%entry% : '\001' . toplevel  (91)

	REF  shift 4
	TAIL  shift 5
	HEAD  shift 6
	ISNIL  shift 7
	CONS  shift 8
	NIL  shift 9
	LETREC  shift 10
	FIX  shift 11
	CASE  shift 12
	UNIT  shift 13
	LET  shift 14
	SUCC  shift 15
	PRED  shift 16
	ISZERO  shift 17
	LAMBDA  shift 18
	IF  shift 19
	TRUE  shift 20
	FALSE  shift 21
	UCID  shift 22
	LCID  shift 23
	INTV  shift 24
	FLOATV  shift 25
	STRINGV  shift 26
	BANG  shift 27
	EOF  shift 28
	LCURLY  shift 29
	LPAREN  shift 30
	LT  shift 31
	.  error

	toplevel  goto 32
	Command  goto 33
	TermWrap  goto 34
	Term  goto 35
	AppTerm  goto 36
	ATerm  goto 37
	PathTerm  goto 38
	AscribeTerm  goto 39


state 2
	%entry% : '\002' . input  (92)
	input : .  (1)

	.  reduce 1

	input  goto 40


state 3
	$accept : %entry% . $end  (0)

	$end  accept


state 4
	AppTerm : REF . PathTerm  (61)

	NIL  shift 9
	UNIT  shift 13
	TRUE  shift 20
	FALSE  shift 21
	LCID  shift 41
	INTV  shift 24
	FLOATV  shift 25
	STRINGV  shift 26
	LCURLY  shift 29
	LPAREN  shift 30
	LT  shift 31
	.  error

	ATerm  goto 37
	PathTerm  goto 42
	AscribeTerm  goto 39


state 5
	Term : TAIL . LType ATerm  (56)

	LSQUARE  shift 43
	.  error

	LType  goto 44


state 6
	Term : HEAD . LType ATerm  (55)

	LSQUARE  shift 43
	.  error

	LType  goto 45


state 7
	Term : ISNIL . LType ATerm  (57)

	LSQUARE  shift 43
	.  error

	LType  goto 46


state 8
	Term : CONS . LType ATerm ATerm  (54)

	LSQUARE  shift 43
	.  error

	LType  goto 47


state 9
	ATerm : NIL . LType  (82)

	LSQUARE  shift 43
	.  error

	LType  goto 48


state 10
	Term : LETREC . LCID COLON Type EQ Term IN Term  (53)

	LCID  shift 49
	.  error


state 11
	AppTerm : FIX . PathTerm  (60)

	NIL  shift 9
	UNIT  shift 13
	TRUE  shift 20
	FALSE  shift 21
	LCID  shift 41
	INTV  shift 24
	FLOATV  shift 25
	STRINGV  shift 26
	LCURLY  shift 29
	LPAREN  shift 30
	LT  shift 31
	.  error

	ATerm  goto 37
	PathTerm  goto 50
	AscribeTerm  goto 39


state 12
	Term : CASE . Term OF Cases  (47)

	REF  shift 4
	TAIL  shift 5
	HEAD  shift 6
	ISNIL  shift 7
	CONS  shift 8
	NIL  shift 9
	LETREC  shift 10
	FIX  shift 11
	CASE  shift 12
	UNIT  shift 13
	LET  shift 14
	SUCC  shift 15
	PRED  shift 16
	ISZERO  shift 17
	LAMBDA  shift 18
	IF  shift 19
	TRUE  shift 20
	FALSE  shift 21
	LCID  shift 41
	INTV  shift 24
	FLOATV  shift 25
	STRINGV  shift 26
	BANG  shift 27
	LCURLY  shift 29
	LPAREN  shift 30
	LT  shift 31
	.  error

	Term  goto 51
	AppTerm  goto 36
	ATerm  goto 37
	PathTerm  goto 38
	AscribeTerm  goto 39


state 13
	ATerm : UNIT .  (78)

	.  reduce 78


state 14
	Term : LET . LCID EQ Term IN Term  (49)
	Term : LET . USCORE EQ Term IN Term  (50)

	LCID  shift 52
	USCORE  shift 53
	.  error


state 15
	AppTerm : SUCC . PathTerm  (63)

	NIL  shift 9
	UNIT  shift 13
	TRUE  shift 20
	FALSE  shift 21
	LCID  shift 41
	INTV  shift 24
	FLOATV  shift 25
	STRINGV  shift 26
	LCURLY  shift 29
	LPAREN  shift 30
	LT  shift 31
	.  error

	ATerm  goto 37
	PathTerm  goto 54
	AscribeTerm  goto 39


state 16
	AppTerm : PRED . PathTerm  (64)

	NIL  shift 9
	UNIT  shift 13
	TRUE  shift 20
	FALSE  shift 21
	LCID  shift 41
	INTV  shift 24
	FLOATV  shift 25
	STRINGV  shift 26
	LCURLY  shift 29
	LPAREN  shift 30
	LT  shift 31
	.  error

	ATerm  goto 37
	PathTerm  goto 55
	AscribeTerm  goto 39


state 17
	AppTerm : ISZERO . PathTerm  (65)

	NIL  shift 9
	UNIT  shift 13
	TRUE  shift 20
	FALSE  shift 21
	LCID  shift 41
	INTV  shift 24
	FLOATV  shift 25
	STRINGV  shift 26
	LCURLY  shift 29
	LPAREN  shift 30
	LT  shift 31
	.  error

	ATerm  goto 37
	PathTerm  goto 56
	AscribeTerm  goto 39


state 18
	Term : LAMBDA . LCID COLON Type DOT Term  (51)

	LCID  shift 57
	.  error


state 19
	Term : IF . Term THEN Term ELSE Term  (52)

	REF  shift 4
	TAIL  shift 5
	HEAD  shift 6
	ISNIL  shift 7
	CONS  shift 8
	NIL  shift 9
	LETREC  shift 10
	FIX  shift 11
	CASE  shift 12
	UNIT  shift 13
	LET  shift 14
	SUCC  shift 15
	PRED  shift 16
	ISZERO  shift 17
	LAMBDA  shift 18
	IF  shift 19
	TRUE  shift 20
	FALSE  shift 21
	LCID  shift 41
	INTV  shift 24
	FLOATV  shift 25
	STRINGV  shift 26
	BANG  shift 27
	LCURLY  shift 29
	LPAREN  shift 30
	LT  shift 31
	.  error

	Term  goto 58
	AppTerm  goto 36
	ATerm  goto 37
	PathTerm  goto 38
	AscribeTerm  goto 39


state 20
	ATerm : TRUE .  (79)

	.  reduce 79


state 21
	ATerm : FALSE .  (80)

	.  reduce 80


state 22
	Command : UCID . TyBinder  (11)
	TyBinder : .  (13)

	EQ  shift 59
	SEMI  reduce 13
	DOUBLESEMI  reduce 13

	TyBinder  goto 60


23: shift/reduce conflict (shift 61, reduce 75) on COLON
state 23
	Command : LCID . Binder  (12)
	ATerm : LCID .  (75)

	COLON  shift 61
	EQ  shift 62
	NIL  reduce 75
	TIMESFLOAT  reduce 75
	AS  reduce 75
	UNIT  reduce 75
	WHERE  reduce 75
	TRUE  reduce 75
	FALSE  reduce 75
	LCID  reduce 75
	INTV  reduce 75
	FLOATV  reduce 75
	STRINGV  reduce 75
	COLONEQ  reduce 75
	COMMA  reduce 75
	DOT  reduce 75
	LCURLY  reduce 75
	LPAREN  reduce 75
	LT  reduce 75
	SEMI  reduce 75
	DOUBLESEMI  reduce 75

	Binder  goto 63


state 24
	ATerm : INTV .  (81)

	.  reduce 81


state 25
	ATerm : FLOATV .  (77)

	.  reduce 77


state 26
	ATerm : STRINGV .  (76)

	.  reduce 76


state 27
	AppTerm : BANG . PathTerm  (62)

	NIL  shift 9
	UNIT  shift 13
	TRUE  shift 20
	FALSE  shift 21
	LCID  shift 41
	INTV  shift 24
	FLOATV  shift 25
	STRINGV  shift 26
	LCURLY  shift 29
	LPAREN  shift 30
	LT  shift 31
	.  error

	ATerm  goto 37
	PathTerm  goto 64
	AscribeTerm  goto 39


state 28
	toplevel : EOF .  (8)

	.  reduce 8


state 29
	ATerm : LCURLY . Fields RCURLY  (73)
	Fields : .  (85)

	REF  shift 4
	TAIL  shift 5
	HEAD  shift 6
	ISNIL  shift 7
	CONS  shift 8
	NIL  shift 9
	LETREC  shift 10
	FIX  shift 11
	CASE  shift 12
	UNIT  shift 13
	LET  shift 14
	SUCC  shift 15
	PRED  shift 16
	ISZERO  shift 17
	LAMBDA  shift 18
	IF  shift 19
	TRUE  shift 20
	FALSE  shift 21
	LCID  shift 65
	INTV  shift 24
	FLOATV  shift 25
	STRINGV  shift 26
	BANG  shift 27
	LCURLY  shift 29
	LPAREN  shift 30
	LT  shift 31
	RCURLY  reduce 85

	Term  goto 66
	AppTerm  goto 36
	ATerm  goto 37
	PathTerm  goto 38
	AscribeTerm  goto 39
	Fields  goto 67
	NEFields  goto 68
	Field  goto 69


state 30
	ATerm : LPAREN . TermSeq RPAREN  (72)

	REF  shift 4
	TAIL  shift 5
	HEAD  shift 6
	ISNIL  shift 7
	CONS  shift 8
	NIL  shift 9
	LETREC  shift 10
	FIX  shift 11
	CASE  shift 12
	UNIT  shift 13
	LET  shift 14
	SUCC  shift 15
	PRED  shift 16
	ISZERO  shift 17
	LAMBDA  shift 18
	IF  shift 19
	TRUE  shift 20
	FALSE  shift 21
	LCID  shift 41
	INTV  shift 24
	FLOATV  shift 25
	STRINGV  shift 26
	BANG  shift 27
	LCURLY  shift 29
	LPAREN  shift 30
	LT  shift 31
	.  error

	Term  goto 70
	AppTerm  goto 36
	ATerm  goto 37
	PathTerm  goto 38
	AscribeTerm  goto 39
	TermSeq  goto 71


state 31
	ATerm : LT . LCID EQ Term GT AS Type  (74)

	LCID  shift 72
	.  error


state 32
	%entry% : '\001' toplevel .  (91)

	.  reduce 91


state 33
	toplevel : Command . SEMI toplevel  (9)

	SEMI  shift 73
	.  error


state 34
	Command : TermWrap .  (10)
	TermWrap : TermWrap . COMMA LCID EQ Term  (39)

	COMMA  shift 74
	SEMI  reduce 10
	DOUBLESEMI  reduce 10


state 35
	TermWrap : Term . WHERE LCID EQ Term  (40)
	TermWrap : Term .  (41)
	Term : Term . COLON Term  (48)

	WHERE  shift 75
	COLON  shift 76
	COMMA  reduce 41
	SEMI  reduce 41
	DOUBLESEMI  reduce 41


state 36
	Term : AppTerm .  (45)
	Term : AppTerm . COLONEQ AppTerm  (46)
	AppTerm : AppTerm . PathTerm  (66)

	NIL  shift 9
	UNIT  shift 13
	TRUE  shift 20
	FALSE  shift 21
	LCID  shift 41
	INTV  shift 24
	FLOATV  shift 25
	STRINGV  shift 26
	COLONEQ  shift 77
	LCURLY  shift 29
	LPAREN  shift 30
	LT  shift 31
	OF  reduce 45
	WHERE  reduce 45
	IN  reduce 45
	THEN  reduce 45
	ELSE  reduce 45
	COLON  reduce 45
	COMMA  reduce 45
	GT  reduce 45
	RCURLY  reduce 45
	RPAREN  reduce 45
	SEMI  reduce 45
	DOUBLESEMI  reduce 45

	ATerm  goto 37
	PathTerm  goto 78
	AscribeTerm  goto 39


state 37
	AscribeTerm : ATerm . AS Type  (70)
	AscribeTerm : ATerm .  (71)

	AS  shift 79
	NIL  reduce 71
	TIMESFLOAT  reduce 71
	OF  reduce 71
	UNIT  reduce 71
	WHERE  reduce 71
	IN  reduce 71
	THEN  reduce 71
	ELSE  reduce 71
	TRUE  reduce 71
	FALSE  reduce 71
	LCID  reduce 71
	INTV  reduce 71
	FLOATV  reduce 71
	STRINGV  reduce 71
	COLON  reduce 71
	COLONEQ  reduce 71
	COMMA  reduce 71
	DOT  reduce 71
	GT  reduce 71
	LCURLY  reduce 71
	LPAREN  reduce 71
	LT  reduce 71
	RCURLY  reduce 71
	RPAREN  reduce 71
	SEMI  reduce 71
	VBAR  reduce 71
	DOUBLESEMI  reduce 71


state 38
	AppTerm : PathTerm .  (58)
	AppTerm : PathTerm . TIMESFLOAT PathTerm  (59)
	PathTerm : PathTerm . DOT LCID  (67)
	PathTerm : PathTerm . DOT INTV  (68)

	TIMESFLOAT  shift 80
	DOT  shift 81
	NIL  reduce 58
	OF  reduce 58
	UNIT  reduce 58
	WHERE  reduce 58
	IN  reduce 58
	THEN  reduce 58
	ELSE  reduce 58
	TRUE  reduce 58
	FALSE  reduce 58
	LCID  reduce 58
	INTV  reduce 58
	FLOATV  reduce 58
	STRINGV  reduce 58
	COLON  reduce 58
	COLONEQ  reduce 58
	COMMA  reduce 58
	GT  reduce 58
	LCURLY  reduce 58
	LPAREN  reduce 58
	LT  reduce 58
	RCURLY  reduce 58
	RPAREN  reduce 58
	SEMI  reduce 58
	VBAR  reduce 58
	DOUBLESEMI  reduce 58


state 39
	PathTerm : AscribeTerm .  (69)

	.  reduce 69


state 40
	input : input . LOAD  (2)
	input : input . SHOWCONTEXT DOUBLESEMI  (3)
	input : input . DOUBLESEMI  (4)
	input : input . oneREPL  (5)
	%entry% : '\002' input .  (92)

	LOAD  shift 82
	SHOWCONTEXT  shift 83
	REF  shift 4
	TAIL  shift 5
	HEAD  shift 6
	ISNIL  shift 7
	CONS  shift 8
	NIL  shift 9
	LETREC  shift 10
	FIX  shift 11
	CASE  shift 12
	UNIT  shift 13
	LET  shift 14
	SUCC  shift 15
	PRED  shift 16
	ISZERO  shift 17
	LAMBDA  shift 18
	IF  shift 19
	TRUE  shift 20
	FALSE  shift 21
	UCID  shift 22
	LCID  shift 23
	INTV  shift 24
	FLOATV  shift 25
	STRINGV  shift 26
	BANG  shift 27
	LCURLY  shift 29
	LPAREN  shift 30
	LT  shift 31
	DOUBLESEMI  shift 84
	$end  reduce 92

	oneREPL  goto 85
	Command  goto 86
	TermWrap  goto 34
	Term  goto 35
	AppTerm  goto 36
	ATerm  goto 37
	PathTerm  goto 38
	AscribeTerm  goto 39


state 41
	ATerm : LCID .  (75)

	.  reduce 75


state 42
	AppTerm : REF PathTerm .  (61)
	PathTerm : PathTerm . DOT LCID  (67)
	PathTerm : PathTerm . DOT INTV  (68)

	DOT  shift 81
	NIL  reduce 61
	OF  reduce 61
	UNIT  reduce 61
	WHERE  reduce 61
	IN  reduce 61
	THEN  reduce 61
	ELSE  reduce 61
	TRUE  reduce 61
	FALSE  reduce 61
	LCID  reduce 61
	INTV  reduce 61
	FLOATV  reduce 61
	STRINGV  reduce 61
	COLON  reduce 61
	COLONEQ  reduce 61
	COMMA  reduce 61
	GT  reduce 61
	LCURLY  reduce 61
	LPAREN  reduce 61
	LT  reduce 61
	RCURLY  reduce 61
	RPAREN  reduce 61
	SEMI  reduce 61
	VBAR  reduce 61
	DOUBLESEMI  reduce 61


state 43
	LType : LSQUARE . Type RSQUARE  (32)

	TOP  shift 87
	REFTYPE  shift 88
	LIST  shift 89
	STRING  shift 90
	FLOAT  shift 91
	UNITTYPE  shift 92
	BOOL  shift 93
	NAT  shift 94
	UCID  shift 95
	LCURLY  shift 96
	LPAREN  shift 97
	LT  shift 98
	.  error

	Type  goto 99
	ArrowType  goto 100
	AType  goto 101


state 44
	Term : TAIL LType . ATerm  (56)

	NIL  shift 9
	UNIT  shift 13
	TRUE  shift 20
	FALSE  shift 21
	LCID  shift 41
	INTV  shift 24
	FLOATV  shift 25
	STRINGV  shift 26
	LCURLY  shift 29
	LPAREN  shift 30
	LT  shift 31
	.  error

	ATerm  goto 102


state 45
	Term : HEAD LType . ATerm  (55)

	NIL  shift 9
	UNIT  shift 13
	TRUE  shift 20
	FALSE  shift 21
	LCID  shift 41
	INTV  shift 24
	FLOATV  shift 25
	STRINGV  shift 26
	LCURLY  shift 29
	LPAREN  shift 30
	LT  shift 31
	.  error

	ATerm  goto 103


state 46
	Term : ISNIL LType . ATerm  (57)

	NIL  shift 9
	UNIT  shift 13
	TRUE  shift 20
	FALSE  shift 21
	LCID  shift 41
	INTV  shift 24
	FLOATV  shift 25
	STRINGV  shift 26
	LCURLY  shift 29
	LPAREN  shift 30
	LT  shift 31
	.  error

	ATerm  goto 104


state 47
	Term : CONS LType . ATerm ATerm  (54)

	NIL  shift 9
	UNIT  shift 13
	TRUE  shift 20
	FALSE  shift 21
	LCID  shift 41
	INTV  shift 24
	FLOATV  shift 25
	STRINGV  shift 26
	LCURLY  shift 29
	LPAREN  shift 30
	LT  shift 31
	.  error

	ATerm  goto 105


state 48
	ATerm : NIL LType .  (82)

	.  reduce 82


state 49
	Term : LETREC LCID . COLON Type EQ Term IN Term  (53)

	COLON  shift 106
	.  error


state 50
	AppTerm : FIX PathTerm .  (60)
	PathTerm : PathTerm . DOT LCID  (67)
	PathTerm : PathTerm . DOT INTV  (68)

	DOT  shift 81
	NIL  reduce 60
	OF  reduce 60
	UNIT  reduce 60
	WHERE  reduce 60
	IN  reduce 60
	THEN  reduce 60
	ELSE  reduce 60
	TRUE  reduce 60
	FALSE  reduce 60
	LCID  reduce 60
	INTV  reduce 60
	FLOATV  reduce 60
	STRINGV  reduce 60
	COLON  reduce 60
	COLONEQ  reduce 60
	COMMA  reduce 60
	GT  reduce 60
	LCURLY  reduce 60
	LPAREN  reduce 60
	LT  reduce 60
	RCURLY  reduce 60
	RPAREN  reduce 60
	SEMI  reduce 60
	VBAR  reduce 60
	DOUBLESEMI  reduce 60


state 51
	Term : CASE Term . OF Cases  (47)
	Term : Term . COLON Term  (48)

	OF  shift 107
	COLON  shift 76
	.  error


state 52
	Term : LET LCID . EQ Term IN Term  (49)

	EQ  shift 108
	.  error


state 53
	Term : LET USCORE . EQ Term IN Term  (50)

	EQ  shift 109
	.  error


state 54
	AppTerm : SUCC PathTerm .  (63)
	PathTerm : PathTerm . DOT LCID  (67)
	PathTerm : PathTerm . DOT INTV  (68)

	DOT  shift 81
	NIL  reduce 63
	OF  reduce 63
	UNIT  reduce 63
	WHERE  reduce 63
	IN  reduce 63
	THEN  reduce 63
	ELSE  reduce 63
	TRUE  reduce 63
	FALSE  reduce 63
	LCID  reduce 63
	INTV  reduce 63
	FLOATV  reduce 63
	STRINGV  reduce 63
	COLON  reduce 63
	COLONEQ  reduce 63
	COMMA  reduce 63
	GT  reduce 63
	LCURLY  reduce 63
	LPAREN  reduce 63
	LT  reduce 63
	RCURLY  reduce 63
	RPAREN  reduce 63
	SEMI  reduce 63
	VBAR  reduce 63
	DOUBLESEMI  reduce 63


state 55
	AppTerm : PRED PathTerm .  (64)
	PathTerm : PathTerm . DOT LCID  (67)
	PathTerm : PathTerm . DOT INTV  (68)

	DOT  shift 81
	NIL  reduce 64
	OF  reduce 64
	UNIT  reduce 64
	WHERE  reduce 64
	IN  reduce 64
	THEN  reduce 64
	ELSE  reduce 64
	TRUE  reduce 64
	FALSE  reduce 64
	LCID  reduce 64
	INTV  reduce 64
	FLOATV  reduce 64
	STRINGV  reduce 64
	COLON  reduce 64
	COLONEQ  reduce 64
	COMMA  reduce 64
	GT  reduce 64
	LCURLY  reduce 64
	LPAREN  reduce 64
	LT  reduce 64
	RCURLY  reduce 64
	RPAREN  reduce 64
	SEMI  reduce 64
	VBAR  reduce 64
	DOUBLESEMI  reduce 64


state 56
	AppTerm : ISZERO PathTerm .  (65)
	PathTerm : PathTerm . DOT LCID  (67)
	PathTerm : PathTerm . DOT INTV  (68)

	DOT  shift 81
	NIL  reduce 65
	OF  reduce 65
	UNIT  reduce 65
	WHERE  reduce 65
	IN  reduce 65
	THEN  reduce 65
	ELSE  reduce 65
	TRUE  reduce 65
	FALSE  reduce 65
	LCID  reduce 65
	INTV  reduce 65
	FLOATV  reduce 65
	STRINGV  reduce 65
	COLON  reduce 65
	COLONEQ  reduce 65
	COMMA  reduce 65
	GT  reduce 65
	LCURLY  reduce 65
	LPAREN  reduce 65
	LT  reduce 65
	RCURLY  reduce 65
	RPAREN  reduce 65
	SEMI  reduce 65
	VBAR  reduce 65
	DOUBLESEMI  reduce 65


state 57
	Term : LAMBDA LCID . COLON Type DOT Term  (51)

	COLON  shift 110
	.  error


state 58
	Term : Term . COLON Term  (48)
	Term : IF Term . THEN Term ELSE Term  (52)

	THEN  shift 111
	COLON  shift 76
	.  error


state 59
	TyBinder : EQ . Type  (14)

	TOP  shift 87
	REFTYPE  shift 88
	LIST  shift 89
	STRING  shift 90
	FLOAT  shift 91
	UNITTYPE  shift 92
	BOOL  shift 93
	NAT  shift 94
	UCID  shift 95
	LCURLY  shift 96
	LPAREN  shift 97
	LT  shift 98
	.  error

	Type  goto 112
	ArrowType  goto 100
	AType  goto 101


state 60
	Command : UCID TyBinder .  (11)

	.  reduce 11


state 61
	Binder : COLON . Type  (15)

	TOP  shift 87
	REFTYPE  shift 88
	LIST  shift 89
	STRING  shift 90
	FLOAT  shift 91
	UNITTYPE  shift 92
	BOOL  shift 93
	NAT  shift 94
	UCID  shift 95
	LCURLY  shift 96
	LPAREN  shift 97
	LT  shift 98
	.  error

	Type  goto 113
	ArrowType  goto 100
	AType  goto 101


state 62
	Binder : EQ . Term  (16)

	REF  shift 4
	TAIL  shift 5
	HEAD  shift 6
	ISNIL  shift 7
	CONS  shift 8
	NIL  shift 9
	LETREC  shift 10
	FIX  shift 11
	CASE  shift 12
	UNIT  shift 13
	LET  shift 14
	SUCC  shift 15
	PRED  shift 16
	ISZERO  shift 17
	LAMBDA  shift 18
	IF  shift 19
	TRUE  shift 20
	FALSE  shift 21
	LCID  shift 41
	INTV  shift 24
	FLOATV  shift 25
	STRINGV  shift 26
	BANG  shift 27
	LCURLY  shift 29
	LPAREN  shift 30
	LT  shift 31
	.  error

	Term  goto 114
	AppTerm  goto 36
	ATerm  goto 37
	PathTerm  goto 38
	AscribeTerm  goto 39


state 63
	Command : LCID Binder .  (12)

	.  reduce 12


state 64
	AppTerm : BANG PathTerm .  (62)
	PathTerm : PathTerm . DOT LCID  (67)
	PathTerm : PathTerm . DOT INTV  (68)

	DOT  shift 81
	NIL  reduce 62
	OF  reduce 62
	UNIT  reduce 62
	WHERE  reduce 62
	IN  reduce 62
	THEN  reduce 62
	ELSE  reduce 62
	TRUE  reduce 62
	FALSE  reduce 62
	LCID  reduce 62
	INTV  reduce 62
	FLOATV  reduce 62
	STRINGV  reduce 62
	COLON  reduce 62
	COLONEQ  reduce 62
	COMMA  reduce 62
	GT  reduce 62
	LCURLY  reduce 62
	LPAREN  reduce 62
	LT  reduce 62
	RCURLY  reduce 62
	RPAREN  reduce 62
	SEMI  reduce 62
	VBAR  reduce 62
	DOUBLESEMI  reduce 62


state 65
	ATerm : LCID .  (75)
	Field : LCID . EQ Term  (89)

	EQ  shift 115
	NIL  reduce 75
	TIMESFLOAT  reduce 75
	AS  reduce 75
	UNIT  reduce 75
	TRUE  reduce 75
	FALSE  reduce 75
	LCID  reduce 75
	INTV  reduce 75
	FLOATV  reduce 75
	STRINGV  reduce 75
	COLON  reduce 75
	COLONEQ  reduce 75
	COMMA  reduce 75
	DOT  reduce 75
	LCURLY  reduce 75
	LPAREN  reduce 75
	LT  reduce 75
	RCURLY  reduce 75


state 66
	Term : Term . COLON Term  (48)
	Field : Term .  (90)

	COLON  shift 76
	COMMA  reduce 90
	RCURLY  reduce 90


state 67
	ATerm : LCURLY Fields . RCURLY  (73)

	RCURLY  shift 116
	.  error


state 68
	Fields : NEFields .  (86)

	.  reduce 86


state 69
	NEFields : Field .  (87)
	NEFields : Field . COMMA NEFields  (88)

	COMMA  shift 117
	RCURLY  reduce 87


state 70
	Term : Term . COLON Term  (48)
	TermSeq : Term .  (83)
	TermSeq : Term . SEMI TermSeq  (84)

	COLON  shift 76
	SEMI  shift 118
	RPAREN  reduce 83


state 71
	ATerm : LPAREN TermSeq . RPAREN  (72)

	RPAREN  shift 119
	.  error


state 72
	ATerm : LT LCID . EQ Term GT AS Type  (74)

	EQ  shift 120
	.  error


state 73
	toplevel : Command SEMI . toplevel  (9)

	REF  shift 4
	TAIL  shift 5
	HEAD  shift 6
	ISNIL  shift 7
	CONS  shift 8
	NIL  shift 9
	LETREC  shift 10
	FIX  shift 11
	CASE  shift 12
	UNIT  shift 13
	LET  shift 14
	SUCC  shift 15
	PRED  shift 16
	ISZERO  shift 17
	LAMBDA  shift 18
	IF  shift 19
	TRUE  shift 20
	FALSE  shift 21
	UCID  shift 22
	LCID  shift 23
	INTV  shift 24
	FLOATV  shift 25
	STRINGV  shift 26
	BANG  shift 27
	EOF  shift 28
	LCURLY  shift 29
	LPAREN  shift 30
	LT  shift 31
	.  error

	toplevel  goto 121
	Command  goto 33
	TermWrap  goto 34
	Term  goto 35
	AppTerm  goto 36
	ATerm  goto 37
	PathTerm  goto 38
	AscribeTerm  goto 39


state 74
	TermWrap : TermWrap COMMA . LCID EQ Term  (39)

	LCID  shift 122
	.  error


state 75
	TermWrap : Term WHERE . LCID EQ Term  (40)

	LCID  shift 123
	.  error


state 76
	Term : Term COLON . Term  (48)

	REF  shift 4
	TAIL  shift 5
	HEAD  shift 6
	ISNIL  shift 7
	CONS  shift 8
	NIL  shift 9
	LETREC  shift 10
	FIX  shift 11
	CASE  shift 12
	UNIT  shift 13
	LET  shift 14
	SUCC  shift 15
	PRED  shift 16
	ISZERO  shift 17
	LAMBDA  shift 18
	IF  shift 19
	TRUE  shift 20
	FALSE  shift 21
	LCID  shift 41
	INTV  shift 24
	FLOATV  shift 25
	STRINGV  shift 26
	BANG  shift 27
	LCURLY  shift 29
	LPAREN  shift 30
	LT  shift 31
	.  error

	Term  goto 124
	AppTerm  goto 36
	ATerm  goto 37
	PathTerm  goto 38
	AscribeTerm  goto 39


state 77
	Term : AppTerm COLONEQ . AppTerm  (46)

	REF  shift 4
	NIL  shift 9
	FIX  shift 11
	UNIT  shift 13
	SUCC  shift 15
	PRED  shift 16
	ISZERO  shift 17
	TRUE  shift 20
	FALSE  shift 21
	LCID  shift 41
	INTV  shift 24
	FLOATV  shift 25
	STRINGV  shift 26
	BANG  shift 27
	LCURLY  shift 29
	LPAREN  shift 30
	LT  shift 31
	.  error

	AppTerm  goto 125
	ATerm  goto 37
	PathTerm  goto 38
	AscribeTerm  goto 39


state 78
	AppTerm : AppTerm PathTerm .  (66)
	PathTerm : PathTerm . DOT LCID  (67)
	PathTerm : PathTerm . DOT INTV  (68)

	DOT  shift 81
	NIL  reduce 66
	OF  reduce 66
	UNIT  reduce 66
	WHERE  reduce 66
	IN  reduce 66
	THEN  reduce 66
	ELSE  reduce 66
	TRUE  reduce 66
	FALSE  reduce 66
	LCID  reduce 66
	INTV  reduce 66
	FLOATV  reduce 66
	STRINGV  reduce 66
	COLON  reduce 66
	COLONEQ  reduce 66
	COMMA  reduce 66
	GT  reduce 66
	LCURLY  reduce 66
	LPAREN  reduce 66
	LT  reduce 66
	RCURLY  reduce 66
	RPAREN  reduce 66
	SEMI  reduce 66
	VBAR  reduce 66
	DOUBLESEMI  reduce 66


state 79
	AscribeTerm : ATerm AS . Type  (70)

	TOP  shift 87
	REFTYPE  shift 88
	LIST  shift 89
	STRING  shift 90
	FLOAT  shift 91
	UNITTYPE  shift 92
	BOOL  shift 93
	NAT  shift 94
	UCID  shift 95
	LCURLY  shift 96
	LPAREN  shift 97
	LT  shift 98
	.  error

	Type  goto 126
	ArrowType  goto 100
	AType  goto 101


state 80
	AppTerm : PathTerm TIMESFLOAT . PathTerm  (59)

	NIL  shift 9
	UNIT  shift 13
	TRUE  shift 20
	FALSE  shift 21
	LCID  shift 41
	INTV  shift 24
	FLOATV  shift 25
	STRINGV  shift 26
	LCURLY  shift 29
	LPAREN  shift 30
	LT  shift 31
	.  error

	ATerm  goto 37
	PathTerm  goto 127
	AscribeTerm  goto 39


state 81
	PathTerm : PathTerm DOT . LCID  (67)
	PathTerm : PathTerm DOT . INTV  (68)

	LCID  shift 128
	INTV  shift 129
	.  error


state 82
	input : input LOAD .  (2)

	.  reduce 2


state 83
	input : input SHOWCONTEXT . DOUBLESEMI  (3)

	DOUBLESEMI  shift 130
	.  error


state 84
	input : input DOUBLESEMI .  (4)

	.  reduce 4


state 85
	input : input oneREPL .  (5)

	.  reduce 5


state 86
	oneREPL : Command . DOUBLESEMI  (6)
	oneREPL : Command . SEMI oneREPL  (7)

	SEMI  shift 131
	DOUBLESEMI  shift 132
	.  error


state 87
	AType : TOP .  (23)

	.  reduce 23


state 88
	Type : REFTYPE . AType  (18)

	TOP  shift 87
	LIST  shift 89
	STRING  shift 90
	FLOAT  shift 91
	UNITTYPE  shift 92
	BOOL  shift 93
	NAT  shift 94
	UCID  shift 95
	LCURLY  shift 96
	LPAREN  shift 97
	LT  shift 98
	.  error

	AType  goto 133


state 89
	AType : LIST . Type  (31)

	TOP  shift 87
	REFTYPE  shift 88
	LIST  shift 89
	STRING  shift 90
	FLOAT  shift 91
	UNITTYPE  shift 92
	BOOL  shift 93
	NAT  shift 94
	UCID  shift 95
	LCURLY  shift 96
	LPAREN  shift 97
	LT  shift 98
	.  error

	Type  goto 134
	ArrowType  goto 100
	AType  goto 101


state 90
	AType : STRING .  (25)

	.  reduce 25


state 91
	AType : FLOAT .  (24)

	.  reduce 24


state 92
	AType : UNITTYPE .  (28)

	.  reduce 28


state 93
	AType : BOOL .  (26)

	.  reduce 26


state 94
	AType : NAT .  (27)

	.  reduce 27


state 95
	AType : UCID .  (21)

	.  reduce 21


state 96
	AType : LCURLY . TyFields RCURLY  (29)
	TyFields : .  (33)

	TOP  shift 87
	REFTYPE  shift 88
	LIST  shift 89
	STRING  shift 90
	FLOAT  shift 91
	UNITTYPE  shift 92
	BOOL  shift 93
	NAT  shift 94
	UCID  shift 95
	LCID  shift 135
	LCURLY  shift 96
	LPAREN  shift 97
	LT  shift 98
	RCURLY  reduce 33

	Type  goto 136
	ArrowType  goto 100
	AType  goto 101
	TyFields  goto 137
	NETyFields  goto 138
	TyField  goto 139


state 97
	AType : LPAREN . Type RPAREN  (22)

	TOP  shift 87
	REFTYPE  shift 88
	LIST  shift 89
	STRING  shift 90
	FLOAT  shift 91
	UNITTYPE  shift 92
	BOOL  shift 93
	NAT  shift 94
	UCID  shift 95
	LCURLY  shift 96
	LPAREN  shift 97
	LT  shift 98
	.  error

	Type  goto 140
	ArrowType  goto 100
	AType  goto 101


state 98
	AType : LT . TyFields GT  (30)
	TyFields : .  (33)

	TOP  shift 87
	REFTYPE  shift 88
	LIST  shift 89
	STRING  shift 90
	FLOAT  shift 91
	UNITTYPE  shift 92
	BOOL  shift 93
	NAT  shift 94
	UCID  shift 95
	LCID  shift 135
	LCURLY  shift 96
	LPAREN  shift 97
	LT  shift 98
	GT  reduce 33

	Type  goto 136
	ArrowType  goto 100
	AType  goto 101
	TyFields  goto 141
	NETyFields  goto 138
	TyField  goto 139


state 99
	LType : LSQUARE Type . RSQUARE  (32)

	RSQUARE  shift 142
	.  error


state 100
	Type : ArrowType .  (17)

	.  reduce 17


101: shift/reduce conflict (shift 143, reduce 20) on ARROW
state 101
	ArrowType : AType . ARROW ArrowType  (19)
	ArrowType : AType .  (20)

	ARROW  shift 143
	NIL  reduce 20
	TIMESFLOAT  reduce 20
	OF  reduce 20
	AS  reduce 20
	UNIT  reduce 20
	WHERE  reduce 20
	IN  reduce 20
	THEN  reduce 20
	ELSE  reduce 20
	TRUE  reduce 20
	FALSE  reduce 20
	LCID  reduce 20
	INTV  reduce 20
	FLOATV  reduce 20
	STRINGV  reduce 20
	COLON  reduce 20
	COLONEQ  reduce 20
	COMMA  reduce 20
	DOT  reduce 20
	EQ  reduce 20
	GT  reduce 20
	LCURLY  reduce 20
	LPAREN  reduce 20
	LT  reduce 20
	RCURLY  reduce 20
	RPAREN  reduce 20
	RSQUARE  reduce 20
	SEMI  reduce 20
	VBAR  reduce 20
	DOUBLESEMI  reduce 20


state 102
	Term : TAIL LType ATerm .  (56)

	.  reduce 56


state 103
	Term : HEAD LType ATerm .  (55)

	.  reduce 55


state 104
	Term : ISNIL LType ATerm .  (57)

	.  reduce 57


state 105
	Term : CONS LType ATerm . ATerm  (54)

	NIL  shift 9
	UNIT  shift 13
	TRUE  shift 20
	FALSE  shift 21
	LCID  shift 41
	INTV  shift 24
	FLOATV  shift 25
	STRINGV  shift 26
	LCURLY  shift 29
	LPAREN  shift 30
	LT  shift 31
	.  error

	ATerm  goto 144


state 106
	Term : LETREC LCID COLON . Type EQ Term IN Term  (53)

	TOP  shift 87
	REFTYPE  shift 88
	LIST  shift 89
	STRING  shift 90
	FLOAT  shift 91
	UNITTYPE  shift 92
	BOOL  shift 93
	NAT  shift 94
	UCID  shift 95
	LCURLY  shift 96
	LPAREN  shift 97
	LT  shift 98
	.  error

	Type  goto 145
	ArrowType  goto 100
	AType  goto 101


state 107
	Term : CASE Term OF . Cases  (47)

	LT  shift 146
	.  error

	Cases  goto 147
	Case  goto 148


state 108
	Term : LET LCID EQ . Term IN Term  (49)

	REF  shift 4
	TAIL  shift 5
	HEAD  shift 6
	ISNIL  shift 7
	CONS  shift 8
	NIL  shift 9
	LETREC  shift 10
	FIX  shift 11
	CASE  shift 12
	UNIT  shift 13
	LET  shift 14
	SUCC  shift 15
	PRED  shift 16
	ISZERO  shift 17
	LAMBDA  shift 18
	IF  shift 19
	TRUE  shift 20
	FALSE  shift 21
	LCID  shift 41
	INTV  shift 24
	FLOATV  shift 25
	STRINGV  shift 26
	BANG  shift 27
	LCURLY  shift 29
	LPAREN  shift 30
	LT  shift 31
	.  error

	Term  goto 149
	AppTerm  goto 36
	ATerm  goto 37
	PathTerm  goto 38
	AscribeTerm  goto 39


state 109
	Term : LET USCORE EQ . Term IN Term  (50)

	REF  shift 4
	TAIL  shift 5
	HEAD  shift 6
	ISNIL  shift 7
	CONS  shift 8
	NIL  shift 9
	LETREC  shift 10
	FIX  shift 11
	CASE  shift 12
	UNIT  shift 13
	LET  shift 14
	SUCC  shift 15
	PRED  shift 16
	ISZERO  shift 17
	LAMBDA  shift 18
	IF  shift 19
	TRUE  shift 20
	FALSE  shift 21
	LCID  shift 41
	INTV  shift 24
	FLOATV  shift 25
	STRINGV  shift 26
	BANG  shift 27
	LCURLY  shift 29
	LPAREN  shift 30
	LT  shift 31
	.  error

	Term  goto 150
	AppTerm  goto 36
	ATerm  goto 37
	PathTerm  goto 38
	AscribeTerm  goto 39


state 110
	Term : LAMBDA LCID COLON . Type DOT Term  (51)

	TOP  shift 87
	REFTYPE  shift 88
	LIST  shift 89
	STRING  shift 90
	FLOAT  shift 91
	UNITTYPE  shift 92
	BOOL  shift 93
	NAT  shift 94
	UCID  shift 95
	LCURLY  shift 96
	LPAREN  shift 97
	LT  shift 98
	.  error

	Type  goto 151
	ArrowType  goto 100
	AType  goto 101


state 111
	Term : IF Term THEN . Term ELSE Term  (52)

	REF  shift 4
	TAIL  shift 5
	HEAD  shift 6
	ISNIL  shift 7
	CONS  shift 8
	NIL  shift 9
	LETREC  shift 10
	FIX  shift 11
	CASE  shift 12
	UNIT  shift 13
	LET  shift 14
	SUCC  shift 15
	PRED  shift 16
	ISZERO  shift 17
	LAMBDA  shift 18
	IF  shift 19
	TRUE  shift 20
	FALSE  shift 21
	LCID  shift 41
	INTV  shift 24
	FLOATV  shift 25
	STRINGV  shift 26
	BANG  shift 27
	LCURLY  shift 29
	LPAREN  shift 30
	LT  shift 31
	.  error

	Term  goto 152
	AppTerm  goto 36
	ATerm  goto 37
	PathTerm  goto 38
	AscribeTerm  goto 39


state 112
	TyBinder : EQ Type .  (14)

	.  reduce 14


state 113
	Binder : COLON Type .  (15)

	.  reduce 15


state 114
	Binder : EQ Term .  (16)
	Term : Term . COLON Term  (48)

	COLON  shift 76
	SEMI  reduce 16
	DOUBLESEMI  reduce 16


state 115
	Field : LCID EQ . Term  (89)

	REF  shift 4
	TAIL  shift 5
	HEAD  shift 6
	ISNIL  shift 7
	CONS  shift 8
	NIL  shift 9
	LETREC  shift 10
	FIX  shift 11
	CASE  shift 12
	UNIT  shift 13
	LET  shift 14
	SUCC  shift 15
	PRED  shift 16
	ISZERO  shift 17
	LAMBDA  shift 18
	IF  shift 19
	TRUE  shift 20
	FALSE  shift 21
	LCID  shift 41
	INTV  shift 24
	FLOATV  shift 25
	STRINGV  shift 26
	BANG  shift 27
	LCURLY  shift 29
	LPAREN  shift 30
	LT  shift 31
	.  error

	Term  goto 153
	AppTerm  goto 36
	ATerm  goto 37
	PathTerm  goto 38
	AscribeTerm  goto 39


state 116
	ATerm : LCURLY Fields RCURLY .  (73)

	.  reduce 73


state 117
	NEFields : Field COMMA . NEFields  (88)

	REF  shift 4
	TAIL  shift 5
	HEAD  shift 6
	ISNIL  shift 7
	CONS  shift 8
	NIL  shift 9
	LETREC  shift 10
	FIX  shift 11
	CASE  shift 12
	UNIT  shift 13
	LET  shift 14
	SUCC  shift 15
	PRED  shift 16
	ISZERO  shift 17
	LAMBDA  shift 18
	IF  shift 19
	TRUE  shift 20
	FALSE  shift 21
	LCID  shift 65
	INTV  shift 24
	FLOATV  shift 25
	STRINGV  shift 26
	BANG  shift 27
	LCURLY  shift 29
	LPAREN  shift 30
	LT  shift 31
	.  error

	Term  goto 66
	AppTerm  goto 36
	ATerm  goto 37
	PathTerm  goto 38
	AscribeTerm  goto 39
	NEFields  goto 154
	Field  goto 69


state 118
	TermSeq : Term SEMI . TermSeq  (84)

	REF  shift 4
	TAIL  shift 5
	HEAD  shift 6
	ISNIL  shift 7
	CONS  shift 8
	NIL  shift 9
	LETREC  shift 10
	FIX  shift 11
	CASE  shift 12
	UNIT  shift 13
	LET  shift 14
	SUCC  shift 15
	PRED  shift 16
	ISZERO  shift 17
	LAMBDA  shift 18
	IF  shift 19
	TRUE  shift 20
	FALSE  shift 21
	LCID  shift 41
	INTV  shift 24
	FLOATV  shift 25
	STRINGV  shift 26
	BANG  shift 27
	LCURLY  shift 29
	LPAREN  shift 30
	LT  shift 31
	.  error

	Term  goto 70
	AppTerm  goto 36
	ATerm  goto 37
	PathTerm  goto 38
	AscribeTerm  goto 39
	TermSeq  goto 155


state 119
	ATerm : LPAREN TermSeq RPAREN .  (72)

	.  reduce 72


state 120
	ATerm : LT LCID EQ . Term GT AS Type  (74)

	REF  shift 4
	TAIL  shift 5
	HEAD  shift 6
	ISNIL  shift 7
	CONS  shift 8
	NIL  shift 9
	LETREC  shift 10
	FIX  shift 11
	CASE  shift 12
	UNIT  shift 13
	LET  shift 14
	SUCC  shift 15
	PRED  shift 16
	ISZERO  shift 17
	LAMBDA  shift 18
	IF  shift 19
	TRUE  shift 20
	FALSE  shift 21
	LCID  shift 41
	INTV  shift 24
	FLOATV  shift 25
	STRINGV  shift 26
	BANG  shift 27
	LCURLY  shift 29
	LPAREN  shift 30
	LT  shift 31
	.  error

	Term  goto 156
	AppTerm  goto 36
	ATerm  goto 37
	PathTerm  goto 38
	AscribeTerm  goto 39


state 121
	toplevel : Command SEMI toplevel .  (9)

	.  reduce 9


state 122
	TermWrap : TermWrap COMMA LCID . EQ Term  (39)

	EQ  shift 157
	.  error


state 123
	TermWrap : Term WHERE LCID . EQ Term  (40)

	EQ  shift 158
	.  error


124: shift/reduce conflict (shift 76, reduce 48) on COLON
state 124
	Term : Term . COLON Term  (48)
	Term : Term COLON Term .  (48)

	COLON  shift 76
	OF  reduce 48
	WHERE  reduce 48
	IN  reduce 48
	THEN  reduce 48
	ELSE  reduce 48
	COMMA  reduce 48
	GT  reduce 48
	RCURLY  reduce 48
	RPAREN  reduce 48
	SEMI  reduce 48
	DOUBLESEMI  reduce 48


state 125
	Term : AppTerm COLONEQ AppTerm .  (46)
	AppTerm : AppTerm . PathTerm  (66)

	NIL  shift 9
	UNIT  shift 13
	TRUE  shift 20
	FALSE  shift 21
	LCID  shift 41
	INTV  shift 24
	FLOATV  shift 25
	STRINGV  shift 26
	LCURLY  shift 29
	LPAREN  shift 30
	LT  shift 31
	OF  reduce 46
	WHERE  reduce 46
	IN  reduce 46
	THEN  reduce 46
	ELSE  reduce 46
	COLON  reduce 46
	COMMA  reduce 46
	GT  reduce 46
	RCURLY  reduce 46
	RPAREN  reduce 46
	SEMI  reduce 46
	DOUBLESEMI  reduce 46

	ATerm  goto 37
	PathTerm  goto 78
	AscribeTerm  goto 39


state 126
	AscribeTerm : ATerm AS Type .  (70)

	.  reduce 70


state 127
	AppTerm : PathTerm TIMESFLOAT PathTerm .  (59)
	PathTerm : PathTerm . DOT LCID  (67)
	PathTerm : PathTerm . DOT INTV  (68)

	DOT  shift 81
	NIL  reduce 59
	OF  reduce 59
	UNIT  reduce 59
	WHERE  reduce 59
	IN  reduce 59
	THEN  reduce 59
	ELSE  reduce 59
	TRUE  reduce 59
	FALSE  reduce 59
	LCID  reduce 59
	INTV  reduce 59
	FLOATV  reduce 59
	STRINGV  reduce 59
	COLON  reduce 59
	COLONEQ  reduce 59
	COMMA  reduce 59
	GT  reduce 59
	LCURLY  reduce 59
	LPAREN  reduce 59
	LT  reduce 59
	RCURLY  reduce 59
	RPAREN  reduce 59
	SEMI  reduce 59
	VBAR  reduce 59
	DOUBLESEMI  reduce 59


state 128
	PathTerm : PathTerm DOT LCID .  (67)

	.  reduce 67


state 129
	PathTerm : PathTerm DOT INTV .  (68)

	.  reduce 68


state 130
	input : input SHOWCONTEXT DOUBLESEMI .  (3)

	.  reduce 3


state 131
	oneREPL : Command SEMI . oneREPL  (7)

	REF  shift 4
	TAIL  shift 5
	HEAD  shift 6
	ISNIL  shift 7
	CONS  shift 8
	NIL  shift 9
	LETREC  shift 10
	FIX  shift 11
	CASE  shift 12
	UNIT  shift 13
	LET  shift 14
	SUCC  shift 15
	PRED  shift 16
	ISZERO  shift 17
	LAMBDA  shift 18
	IF  shift 19
	TRUE  shift 20
	FALSE  shift 21
	UCID  shift 22
	LCID  shift 23
	INTV  shift 24
	FLOATV  shift 25
	STRINGV  shift 26
	BANG  shift 27
	LCURLY  shift 29
	LPAREN  shift 30
	LT  shift 31
	.  error

	oneREPL  goto 159
	Command  goto 86
	TermWrap  goto 34
	Term  goto 35
	AppTerm  goto 36
	ATerm  goto 37
	PathTerm  goto 38
	AscribeTerm  goto 39


state 132
	oneREPL : Command DOUBLESEMI .  (6)

	.  reduce 6


state 133
	Type : REFTYPE AType .  (18)

	.  reduce 18


state 134
	AType : LIST Type .  (31)

	.  reduce 31


state 135
	TyField : LCID . COLON Type  (37)

	COLON  shift 160
	.  error


state 136
	TyField : Type .  (38)

	.  reduce 38


state 137
	AType : LCURLY TyFields . RCURLY  (29)

	RCURLY  shift 161
	.  error


state 138
	TyFields : NETyFields .  (34)

	.  reduce 34


state 139
	NETyFields : TyField .  (35)
	NETyFields : TyField . COMMA NETyFields  (36)

	COMMA  shift 162
	GT  reduce 35
	RCURLY  reduce 35


state 140
	AType : LPAREN Type . RPAREN  (22)

	RPAREN  shift 163
	.  error


state 141
	AType : LT TyFields . GT  (30)

	GT  shift 164
	.  error


state 142
	LType : LSQUARE Type RSQUARE .  (32)

	.  reduce 32


state 143
	ArrowType : AType ARROW . ArrowType  (19)

	TOP  shift 87
	LIST  shift 89
	STRING  shift 90
	FLOAT  shift 91
	UNITTYPE  shift 92
	BOOL  shift 93
	NAT  shift 94
	UCID  shift 95
	LCURLY  shift 96
	LPAREN  shift 97
	LT  shift 98
	.  error

	ArrowType  goto 165
	AType  goto 101


state 144
	Term : CONS LType ATerm ATerm .  (54)

	.  reduce 54


state 145
	Term : LETREC LCID COLON Type . EQ Term IN Term  (53)

	EQ  shift 166
	.  error


state 146
	Case : LT . LCID EQ LCID GT DARROW AppTerm  (44)

	LCID  shift 167
	.  error


state 147
	Term : CASE Term OF Cases .  (47)

	.  reduce 47


state 148
	Cases : Case .  (42)
	Cases : Case . VBAR Cases  (43)

	VBAR  shift 168
	OF  reduce 42
	WHERE  reduce 42
	IN  reduce 42
	THEN  reduce 42
	ELSE  reduce 42
	COLON  reduce 42
	COMMA  reduce 42
	GT  reduce 42
	RCURLY  reduce 42
	RPAREN  reduce 42
	SEMI  reduce 42
	DOUBLESEMI  reduce 42


state 149
	Term : Term . COLON Term  (48)
	Term : LET LCID EQ Term . IN Term  (49)

	IN  shift 169
	COLON  shift 76
	.  error


state 150
	Term : Term . COLON Term  (48)
	Term : LET USCORE EQ Term . IN Term  (50)

	IN  shift 170
	COLON  shift 76
	.  error


state 151
	Term : LAMBDA LCID COLON Type . DOT Term  (51)

	DOT  shift 171
	.  error


state 152
	Term : Term . COLON Term  (48)
	Term : IF Term THEN Term . ELSE Term  (52)

	ELSE  shift 172
	COLON  shift 76
	.  error


state 153
	Term : Term . COLON Term  (48)
	Field : LCID EQ Term .  (89)

	COLON  shift 76
	COMMA  reduce 89
	RCURLY  reduce 89


state 154
	NEFields : Field COMMA NEFields .  (88)

	.  reduce 88


state 155
	TermSeq : Term SEMI TermSeq .  (84)

	.  reduce 84


state 156
	Term : Term . COLON Term  (48)
	ATerm : LT LCID EQ Term . GT AS Type  (74)

	COLON  shift 76
	GT  shift 173
	.  error


state 157
	TermWrap : TermWrap COMMA LCID EQ . Term  (39)

	REF  shift 4
	TAIL  shift 5
	HEAD  shift 6
	ISNIL  shift 7
	CONS  shift 8
	NIL  shift 9
	LETREC  shift 10
	FIX  shift 11
	CASE  shift 12
	UNIT  shift 13
	LET  shift 14
	SUCC  shift 15
	PRED  shift 16
	ISZERO  shift 17
	LAMBDA  shift 18
	IF  shift 19
	TRUE  shift 20
	FALSE  shift 21
	LCID  shift 41
	INTV  shift 24
	FLOATV  shift 25
	STRINGV  shift 26
	BANG  shift 27
	LCURLY  shift 29
	LPAREN  shift 30
	LT  shift 31
	.  error

	Term  goto 174
	AppTerm  goto 36
	ATerm  goto 37
	PathTerm  goto 38
	AscribeTerm  goto 39


state 158
	TermWrap : Term WHERE LCID EQ . Term  (40)

	REF  shift 4
	TAIL  shift 5
	HEAD  shift 6
	ISNIL  shift 7
	CONS  shift 8
	NIL  shift 9
	LETREC  shift 10
	FIX  shift 11
	CASE  shift 12
	UNIT  shift 13
	LET  shift 14
	SUCC  shift 15
	PRED  shift 16
	ISZERO  shift 17
	LAMBDA  shift 18
	IF  shift 19
	TRUE  shift 20
	FALSE  shift 21
	LCID  shift 41
	INTV  shift 24
	FLOATV  shift 25
	STRINGV  shift 26
	BANG  shift 27
	LCURLY  shift 29
	LPAREN  shift 30
	LT  shift 31
	.  error

	Term  goto 175
	AppTerm  goto 36
	ATerm  goto 37
	PathTerm  goto 38
	AscribeTerm  goto 39


state 159
	oneREPL : Command SEMI oneREPL .  (7)

	.  reduce 7


state 160
	TyField : LCID COLON . Type  (37)

	TOP  shift 87
	REFTYPE  shift 88
	LIST  shift 89
	STRING  shift 90
	FLOAT  shift 91
	UNITTYPE  shift 92
	BOOL  shift 93
	NAT  shift 94
	UCID  shift 95
	LCURLY  shift 96
	LPAREN  shift 97
	LT  shift 98
	.  error

	Type  goto 176
	ArrowType  goto 100
	AType  goto 101


state 161
	AType : LCURLY TyFields RCURLY .  (29)

	.  reduce 29


state 162
	NETyFields : TyField COMMA . NETyFields  (36)

	TOP  shift 87
	REFTYPE  shift 88
	LIST  shift 89
	STRING  shift 90
	FLOAT  shift 91
	UNITTYPE  shift 92
	BOOL  shift 93
	NAT  shift 94
	UCID  shift 95
	LCID  shift 135
	LCURLY  shift 96
	LPAREN  shift 97
	LT  shift 98
	.  error

	Type  goto 136
	ArrowType  goto 100
	AType  goto 101
	NETyFields  goto 177
	TyField  goto 139


state 163
	AType : LPAREN Type RPAREN .  (22)

	.  reduce 22


state 164
	AType : LT TyFields GT .  (30)

	.  reduce 30


state 165
	ArrowType : AType ARROW ArrowType .  (19)

	.  reduce 19


state 166
	Term : LETREC LCID COLON Type EQ . Term IN Term  (53)

	REF  shift 4
	TAIL  shift 5
	HEAD  shift 6
	ISNIL  shift 7
	CONS  shift 8
	NIL  shift 9
	LETREC  shift 10
	FIX  shift 11
	CASE  shift 12
	UNIT  shift 13
	LET  shift 14
	SUCC  shift 15
	PRED  shift 16
	ISZERO  shift 17
	LAMBDA  shift 18
	IF  shift 19
	TRUE  shift 20
	FALSE  shift 21
	LCID  shift 41
	INTV  shift 24
	FLOATV  shift 25
	STRINGV  shift 26
	BANG  shift 27
	LCURLY  shift 29
	LPAREN  shift 30
	LT  shift 31
	.  error

	Term  goto 178
	AppTerm  goto 36
	ATerm  goto 37
	PathTerm  goto 38
	AscribeTerm  goto 39


state 167
	Case : LT LCID . EQ LCID GT DARROW AppTerm  (44)

	EQ  shift 179
	.  error


state 168
	Cases : Case VBAR . Cases  (43)

	LT  shift 146
	.  error

	Cases  goto 180
	Case  goto 148


state 169
	Term : LET LCID EQ Term IN . Term  (49)

	REF  shift 4
	TAIL  shift 5
	HEAD  shift 6
	ISNIL  shift 7
	CONS  shift 8
	NIL  shift 9
	LETREC  shift 10
	FIX  shift 11
	CASE  shift 12
	UNIT  shift 13
	LET  shift 14
	SUCC  shift 15
	PRED  shift 16
	ISZERO  shift 17
	LAMBDA  shift 18
	IF  shift 19
	TRUE  shift 20
	FALSE  shift 21
	LCID  shift 41
	INTV  shift 24
	FLOATV  shift 25
	STRINGV  shift 26
	BANG  shift 27
	LCURLY  shift 29
	LPAREN  shift 30
	LT  shift 31
	.  error

	Term  goto 181
	AppTerm  goto 36
	ATerm  goto 37
	PathTerm  goto 38
	AscribeTerm  goto 39


state 170
	Term : LET USCORE EQ Term IN . Term  (50)

	REF  shift 4
	TAIL  shift 5
	HEAD  shift 6
	ISNIL  shift 7
	CONS  shift 8
	NIL  shift 9
	LETREC  shift 10
	FIX  shift 11
	CASE  shift 12
	UNIT  shift 13
	LET  shift 14
	SUCC  shift 15
	PRED  shift 16
	ISZERO  shift 17
	LAMBDA  shift 18
	IF  shift 19
	TRUE  shift 20
	FALSE  shift 21
	LCID  shift 41
	INTV  shift 24
	FLOATV  shift 25
	STRINGV  shift 26
	BANG  shift 27
	LCURLY  shift 29
	LPAREN  shift 30
	LT  shift 31
	.  error

	Term  goto 182
	AppTerm  goto 36
	ATerm  goto 37
	PathTerm  goto 38
	AscribeTerm  goto 39


state 171
	Term : LAMBDA LCID COLON Type DOT . Term  (51)

	REF  shift 4
	TAIL  shift 5
	HEAD  shift 6
	ISNIL  shift 7
	CONS  shift 8
	NIL  shift 9
	LETREC  shift 10
	FIX  shift 11
	CASE  shift 12
	UNIT  shift 13
	LET  shift 14
	SUCC  shift 15
	PRED  shift 16
	ISZERO  shift 17
	LAMBDA  shift 18
	IF  shift 19
	TRUE  shift 20
	FALSE  shift 21
	LCID  shift 41
	INTV  shift 24
	FLOATV  shift 25
	STRINGV  shift 26
	BANG  shift 27
	LCURLY  shift 29
	LPAREN  shift 30
	LT  shift 31
	.  error

	Term  goto 183
	AppTerm  goto 36
	ATerm  goto 37
	PathTerm  goto 38
	AscribeTerm  goto 39


state 172
	Term : IF Term THEN Term ELSE . Term  (52)

	REF  shift 4
	TAIL  shift 5
	HEAD  shift 6
	ISNIL  shift 7
	CONS  shift 8
	NIL  shift 9
	LETREC  shift 10
	FIX  shift 11
	CASE  shift 12
	UNIT  shift 13
	LET  shift 14
	SUCC  shift 15
	PRED  shift 16
	ISZERO  shift 17
	LAMBDA  shift 18
	IF  shift 19
	TRUE  shift 20
	FALSE  shift 21
	LCID  shift 41
	INTV  shift 24
	FLOATV  shift 25
	STRINGV  shift 26
	BANG  shift 27
	LCURLY  shift 29
	LPAREN  shift 30
	LT  shift 31
	.  error

	Term  goto 184
	AppTerm  goto 36
	ATerm  goto 37
	PathTerm  goto 38
	AscribeTerm  goto 39


state 173
	ATerm : LT LCID EQ Term GT . AS Type  (74)

	AS  shift 185
	.  error


state 174
	TermWrap : TermWrap COMMA LCID EQ Term .  (39)
	Term : Term . COLON Term  (48)

	COLON  shift 76
	COMMA  reduce 39
	SEMI  reduce 39
	DOUBLESEMI  reduce 39


state 175
	TermWrap : Term WHERE LCID EQ Term .  (40)
	Term : Term . COLON Term  (48)

	COLON  shift 76
	COMMA  reduce 40
	SEMI  reduce 40
	DOUBLESEMI  reduce 40


state 176
	TyField : LCID COLON Type .  (37)

	.  reduce 37


state 177
	NETyFields : TyField COMMA NETyFields .  (36)

	.  reduce 36


state 178
	Term : Term . COLON Term  (48)
	Term : LETREC LCID COLON Type EQ Term . IN Term  (53)

	IN  shift 186
	COLON  shift 76
	.  error


state 179
	Case : LT LCID EQ . LCID GT DARROW AppTerm  (44)

	LCID  shift 187
	.  error


state 180
	Cases : Case VBAR Cases .  (43)

	.  reduce 43


181: shift/reduce conflict (shift 76, reduce 49) on COLON
state 181
	Term : Term . COLON Term  (48)
	Term : LET LCID EQ Term IN Term .  (49)

	COLON  shift 76
	OF  reduce 49
	WHERE  reduce 49
	IN  reduce 49
	THEN  reduce 49
	ELSE  reduce 49
	COMMA  reduce 49
	GT  reduce 49
	RCURLY  reduce 49
	RPAREN  reduce 49
	SEMI  reduce 49
	DOUBLESEMI  reduce 49


182: shift/reduce conflict (shift 76, reduce 50) on COLON
state 182
	Term : Term . COLON Term  (48)
	Term : LET USCORE EQ Term IN Term .  (50)

	COLON  shift 76
	OF  reduce 50
	WHERE  reduce 50
	IN  reduce 50
	THEN  reduce 50
	ELSE  reduce 50
	COMMA  reduce 50
	GT  reduce 50
	RCURLY  reduce 50
	RPAREN  reduce 50
	SEMI  reduce 50
	DOUBLESEMI  reduce 50


183: shift/reduce conflict (shift 76, reduce 51) on COLON
state 183
	Term : Term . COLON Term  (48)
	Term : LAMBDA LCID COLON Type DOT Term .  (51)

	COLON  shift 76
	OF  reduce 51
	WHERE  reduce 51
	IN  reduce 51
	THEN  reduce 51
	ELSE  reduce 51
	COMMA  reduce 51
	GT  reduce 51
	RCURLY  reduce 51
	RPAREN  reduce 51
	SEMI  reduce 51
	DOUBLESEMI  reduce 51


184: shift/reduce conflict (shift 76, reduce 52) on COLON
state 184
	Term : Term . COLON Term  (48)
	Term : IF Term THEN Term ELSE Term .  (52)

	COLON  shift 76
	OF  reduce 52
	WHERE  reduce 52
	IN  reduce 52
	THEN  reduce 52
	ELSE  reduce 52
	COMMA  reduce 52
	GT  reduce 52
	RCURLY  reduce 52
	RPAREN  reduce 52
	SEMI  reduce 52
	DOUBLESEMI  reduce 52


state 185
	ATerm : LT LCID EQ Term GT AS . Type  (74)

	TOP  shift 87
	REFTYPE  shift 88
	LIST  shift 89
	STRING  shift 90
	FLOAT  shift 91
	UNITTYPE  shift 92
	BOOL  shift 93
	NAT  shift 94
	UCID  shift 95
	LCURLY  shift 96
	LPAREN  shift 97
	LT  shift 98
	.  error

	Type  goto 188
	ArrowType  goto 100
	AType  goto 101


state 186
	Term : LETREC LCID COLON Type EQ Term IN . Term  (53)

	REF  shift 4
	TAIL  shift 5
	HEAD  shift 6
	ISNIL  shift 7
	CONS  shift 8
	NIL  shift 9
	LETREC  shift 10
	FIX  shift 11
	CASE  shift 12
	UNIT  shift 13
	LET  shift 14
	SUCC  shift 15
	PRED  shift 16
	ISZERO  shift 17
	LAMBDA  shift 18
	IF  shift 19
	TRUE  shift 20
	FALSE  shift 21
	LCID  shift 41
	INTV  shift 24
	FLOATV  shift 25
	STRINGV  shift 26
	BANG  shift 27
	LCURLY  shift 29
	LPAREN  shift 30
	LT  shift 31
	.  error

	Term  goto 189
	AppTerm  goto 36
	ATerm  goto 37
	PathTerm  goto 38
	AscribeTerm  goto 39


state 187
	Case : LT LCID EQ LCID . GT DARROW AppTerm  (44)

	GT  shift 190
	.  error


state 188
	ATerm : LT LCID EQ Term GT AS Type .  (74)

	.  reduce 74


189: shift/reduce conflict (shift 76, reduce 53) on COLON
state 189
	Term : Term . COLON Term  (48)
	Term : LETREC LCID COLON Type EQ Term IN Term .  (53)

	COLON  shift 76
	OF  reduce 53
	WHERE  reduce 53
	IN  reduce 53
	THEN  reduce 53
	ELSE  reduce 53
	COMMA  reduce 53
	GT  reduce 53
	RCURLY  reduce 53
	RPAREN  reduce 53
	SEMI  reduce 53
	DOUBLESEMI  reduce 53


state 190
	Case : LT LCID EQ LCID GT . DARROW AppTerm  (44)

	DARROW  shift 191
	.  error


state 191
	Case : LT LCID EQ LCID GT DARROW . AppTerm  (44)

	REF  shift 4
	NIL  shift 9
	FIX  shift 11
	UNIT  shift 13
	SUCC  shift 15
	PRED  shift 16
	ISZERO  shift 17
	TRUE  shift 20
	FALSE  shift 21
	LCID  shift 41
	INTV  shift 24
	FLOATV  shift 25
	STRINGV  shift 26
	BANG  shift 27
	LCURLY  shift 29
	LPAREN  shift 30
	LT  shift 31
	.  error

	AppTerm  goto 192
	ATerm  goto 37
	PathTerm  goto 38
	AscribeTerm  goto 39


state 192
	Case : LT LCID EQ LCID GT DARROW AppTerm .  (44)
	AppTerm : AppTerm . PathTerm  (66)

	NIL  shift 9
	UNIT  shift 13
	TRUE  shift 20
	FALSE  shift 21
	LCID  shift 41
	INTV  shift 24
	FLOATV  shift 25
	STRINGV  shift 26
	LCURLY  shift 29
	LPAREN  shift 30
	LT  shift 31
	OF  reduce 44
	WHERE  reduce 44
	IN  reduce 44
	THEN  reduce 44
	ELSE  reduce 44
	COLON  reduce 44
	COMMA  reduce 44
	GT  reduce 44
	RCURLY  reduce 44
	RPAREN  reduce 44
	SEMI  reduce 44
	VBAR  reduce 44
	DOUBLESEMI  reduce 44

	ATerm  goto 37
	PathTerm  goto 78
	AscribeTerm  goto 39


State 23 contains 1 shift/reduce conflict.
State 101 contains 1 shift/reduce conflict.
State 124 contains 1 shift/reduce conflict.
State 181 contains 1 shift/reduce conflict.
State 182 contains 1 shift/reduce conflict.
State 183 contains 1 shift/reduce conflict.
State 184 contains 1 shift/reduce conflict.
State 189 contains 1 shift/reduce conflict.


84 terminals, 27 nonterminals
93 grammar rules, 193 states
