   0  $accept : %entry% $end

   1  input :
   2        | input LOAD
   3        | input SHOWCONTEXT DOUBLESEMI
   4        | input DOUBLESEMI
   5        | input oneREPL

   6  oneREPL : Command DOUBLESEMI
   7          | Command SEMI oneREPL

   8  toplevel : EOF
   9           | Command SEMI toplevel

  10  Command : TmWrap
  11          | UCID TyBinder
  12          | LCID Binder

  13  TyBinder :
  14           | EQ Ty

  15  Binder : COLON Ty
  16         | EQ Tm

  17  Ty : ArrowTy
  18     | REC UCID DOT Ty
  19     | REFTYPE ATy
  20     | SOURCE ATy
  21     | SINK ATy

  22  ArrowTy : ATy ARROW ArrowTy
  23          | ATy

  24  ATy : LPAREN Ty RPAREN
  25      | UCID
  26      | TOP
  27      | FLOAT
  28      | STRING
  29      | BOOL
  30      | NAT
  31      | UNITTYPE
  32      | LCURLY TyFields RCURLY
  33      | LT TyFields GT
  34      | LIST Ty

  35  LTy : LSQUARE Ty RSQUARE

  36  TyFields :
  37           | NETyFields

  38  NETyFields : TyField
  39             | TyField COMMA NETyFields

  40  TyField : LCID COLON Ty
  41          | Ty

  42  TmWrap : TmWrap COMMA LCID EQ Tm
  43         | Tm WHERE LCID EQ Tm
  44         | Tm

  45  Cases : Case
  46        | Case VBAR Cases

  47  Case : LT LCID EQ LCID GT DARROW AppTm

  48  Tm : AppTm
  49     | LAM LCID DOT Tm
  50     | LAM LCID COLON Ty DOT Tm
  51     | LAM USCORE COLON Ty DOT Tm
  52     | IF Tm THEN Tm ELSE Tm
  53     | LET LCID EQ Tm IN Tm
  54     | LET USCORE EQ Tm IN Tm
  55     | LETREC LCID EQ Tm IN Tm
  56     | LETREC LCID COLON Ty EQ Tm IN Tm
  57     | CASE Tm OF Cases
  58     | AppTm COLONEQ AppTm
  59     | CONS LTy ATm ATm
  60     | HEAD LTy ATm
  61     | TAIL LTy ATm
  62     | ISNIL LTy ATm

  63  AppTm : PathTm
  64        | AppTm PathTm
  65        | PathTm TIMESFLOAT PathTm
  66        | PathTm STAR PathTm
  67        | FOLD LSQUARE Ty RSQUARE
  68        | UNFOLD LSQUARE Ty RSQUARE
  69        | FIX PathTm
  70        | REF PathTm
  71        | BANG PathTm
  72        | SUCC PathTm
  73        | PRED PathTm
  74        | ISZERO PathTm

  75  PathTm : PathTm DOT LCID
  76         | PathTm DOT INTV
  77         | AscribeTm

  78  AscribeTm : ATm AS Ty
  79            | ATm

  80  ATm : LPAREN TmSeq RPAREN
  81      | LCURLY Fields RCURLY
  82      | LT LCID EQ Tm GT AS Ty
  83      | LCID
  84      | STRINGV
  85      | FLOATV
  86      | UNIT
  87      | TRUE
  88      | FALSE
  89      | INTV
  90      | NIL LTy

  91  TmSeq : Tm
  92        | Tm SEMI TmSeq

  93  Fields :
  94         | NEFields

  95  NEFields : Field
  96           | Field COMMA NEFields

  97  Field : LCID EQ Tm
  98        | Tm

  99  %entry% : '\001' toplevel
 100          | '\002' input

state 0
	$accept : . %entry% $end  (0)

	'\001'  shift 1
	'\002'  shift 2
	.  error

	%entry%  goto 3


state 1
	%entry% : '\001' . toplevel  (99)

	FOLD  shift 4
	UNFOLD  shift 5
	REF  shift 6
	TAIL  shift 7
	HEAD  shift 8
	ISNIL  shift 9
	CONS  shift 10
	NIL  shift 11
	LETREC  shift 12
	FIX  shift 13
	CASE  shift 14
	UNIT  shift 15
	LET  shift 16
	SUCC  shift 17
	PRED  shift 18
	ISZERO  shift 19
	LAM  shift 20
	IF  shift 21
	TRUE  shift 22
	FALSE  shift 23
	UCID  shift 24
	LCID  shift 25
	INTV  shift 26
	FLOATV  shift 27
	STRINGV  shift 28
	BANG  shift 29
	EOF  shift 30
	LCURLY  shift 31
	LPAREN  shift 32
	LT  shift 33
	.  error

	toplevel  goto 34
	Command  goto 35
	TmWrap  goto 36
	Tm  goto 37
	AppTm  goto 38
	ATm  goto 39
	PathTm  goto 40
	AscribeTm  goto 41


state 2
	%entry% : '\002' . input  (100)
	input : .  (1)

	.  reduce 1

	input  goto 42


state 3
	$accept : %entry% . $end  (0)

	$end  accept


state 4
	AppTm : FOLD . LSQUARE Ty RSQUARE  (67)

	LSQUARE  shift 43
	.  error


state 5
	AppTm : UNFOLD . LSQUARE Ty RSQUARE  (68)

	LSQUARE  shift 44
	.  error


state 6
	AppTm : REF . PathTm  (70)

	NIL  shift 11
	UNIT  shift 15
	TRUE  shift 22
	FALSE  shift 23
	LCID  shift 45
	INTV  shift 26
	FLOATV  shift 27
	STRINGV  shift 28
	LCURLY  shift 31
	LPAREN  shift 32
	LT  shift 33
	.  error

	ATm  goto 39
	PathTm  goto 46
	AscribeTm  goto 41


state 7
	Tm : TAIL . LTy ATm  (61)

	LSQUARE  shift 47
	.  error

	LTy  goto 48


state 8
	Tm : HEAD . LTy ATm  (60)

	LSQUARE  shift 47
	.  error

	LTy  goto 49


state 9
	Tm : ISNIL . LTy ATm  (62)

	LSQUARE  shift 47
	.  error

	LTy  goto 50


state 10
	Tm : CONS . LTy ATm ATm  (59)

	LSQUARE  shift 47
	.  error

	LTy  goto 51


state 11
	ATm : NIL . LTy  (90)

	LSQUARE  shift 47
	.  error

	LTy  goto 52


state 12
	Tm : LETREC . LCID EQ Tm IN Tm  (55)
	Tm : LETREC . LCID COLON Ty EQ Tm IN Tm  (56)

	LCID  shift 53
	.  error


state 13
	AppTm : FIX . PathTm  (69)

	NIL  shift 11
	UNIT  shift 15
	TRUE  shift 22
	FALSE  shift 23
	LCID  shift 45
	INTV  shift 26
	FLOATV  shift 27
	STRINGV  shift 28
	LCURLY  shift 31
	LPAREN  shift 32
	LT  shift 33
	.  error

	ATm  goto 39
	PathTm  goto 54
	AscribeTm  goto 41


state 14
	Tm : CASE . Tm OF Cases  (57)

	FOLD  shift 4
	UNFOLD  shift 5
	REF  shift 6
	TAIL  shift 7
	HEAD  shift 8
	ISNIL  shift 9
	CONS  shift 10
	NIL  shift 11
	LETREC  shift 12
	FIX  shift 13
	CASE  shift 14
	UNIT  shift 15
	LET  shift 16
	SUCC  shift 17
	PRED  shift 18
	ISZERO  shift 19
	LAM  shift 20
	IF  shift 21
	TRUE  shift 22
	FALSE  shift 23
	LCID  shift 45
	INTV  shift 26
	FLOATV  shift 27
	STRINGV  shift 28
	BANG  shift 29
	LCURLY  shift 31
	LPAREN  shift 32
	LT  shift 33
	.  error

	Tm  goto 55
	AppTm  goto 38
	ATm  goto 39
	PathTm  goto 40
	AscribeTm  goto 41


state 15
	ATm : UNIT .  (86)

	.  reduce 86


state 16
	Tm : LET . LCID EQ Tm IN Tm  (53)
	Tm : LET . USCORE EQ Tm IN Tm  (54)

	LCID  shift 56
	USCORE  shift 57
	.  error


state 17
	AppTm : SUCC . PathTm  (72)

	NIL  shift 11
	UNIT  shift 15
	TRUE  shift 22
	FALSE  shift 23
	LCID  shift 45
	INTV  shift 26
	FLOATV  shift 27
	STRINGV  shift 28
	LCURLY  shift 31
	LPAREN  shift 32
	LT  shift 33
	.  error

	ATm  goto 39
	PathTm  goto 58
	AscribeTm  goto 41


state 18
	AppTm : PRED . PathTm  (73)

	NIL  shift 11
	UNIT  shift 15
	TRUE  shift 22
	FALSE  shift 23
	LCID  shift 45
	INTV  shift 26
	FLOATV  shift 27
	STRINGV  shift 28
	LCURLY  shift 31
	LPAREN  shift 32
	LT  shift 33
	.  error

	ATm  goto 39
	PathTm  goto 59
	AscribeTm  goto 41


state 19
	AppTm : ISZERO . PathTm  (74)

	NIL  shift 11
	UNIT  shift 15
	TRUE  shift 22
	FALSE  shift 23
	LCID  shift 45
	INTV  shift 26
	FLOATV  shift 27
	STRINGV  shift 28
	LCURLY  shift 31
	LPAREN  shift 32
	LT  shift 33
	.  error

	ATm  goto 39
	PathTm  goto 60
	AscribeTm  goto 41


state 20
	Tm : LAM . LCID DOT Tm  (49)
	Tm : LAM . LCID COLON Ty DOT Tm  (50)
	Tm : LAM . USCORE COLON Ty DOT Tm  (51)

	LCID  shift 61
	USCORE  shift 62
	.  error


state 21
	Tm : IF . Tm THEN Tm ELSE Tm  (52)

	FOLD  shift 4
	UNFOLD  shift 5
	REF  shift 6
	TAIL  shift 7
	HEAD  shift 8
	ISNIL  shift 9
	CONS  shift 10
	NIL  shift 11
	LETREC  shift 12
	FIX  shift 13
	CASE  shift 14
	UNIT  shift 15
	LET  shift 16
	SUCC  shift 17
	PRED  shift 18
	ISZERO  shift 19
	LAM  shift 20
	IF  shift 21
	TRUE  shift 22
	FALSE  shift 23
	LCID  shift 45
	INTV  shift 26
	FLOATV  shift 27
	STRINGV  shift 28
	BANG  shift 29
	LCURLY  shift 31
	LPAREN  shift 32
	LT  shift 33
	.  error

	Tm  goto 63
	AppTm  goto 38
	ATm  goto 39
	PathTm  goto 40
	AscribeTm  goto 41


state 22
	ATm : TRUE .  (87)

	.  reduce 87


state 23
	ATm : FALSE .  (88)

	.  reduce 88


state 24
	Command : UCID . TyBinder  (11)
	TyBinder : .  (13)

	EQ  shift 64
	SEMI  reduce 13
	DOUBLESEMI  reduce 13

	TyBinder  goto 65


state 25
	Command : LCID . Binder  (12)
	ATm : LCID .  (83)

	COLON  shift 66
	EQ  shift 67
	NIL  reduce 83
	TIMESFLOAT  reduce 83
	AS  reduce 83
	UNIT  reduce 83
	WHERE  reduce 83
	TRUE  reduce 83
	FALSE  reduce 83
	LCID  reduce 83
	INTV  reduce 83
	FLOATV  reduce 83
	STRINGV  reduce 83
	COLONEQ  reduce 83
	COMMA  reduce 83
	DOT  reduce 83
	LCURLY  reduce 83
	LPAREN  reduce 83
	LT  reduce 83
	SEMI  reduce 83
	STAR  reduce 83
	DOUBLESEMI  reduce 83

	Binder  goto 68


state 26
	ATm : INTV .  (89)

	.  reduce 89


state 27
	ATm : FLOATV .  (85)

	.  reduce 85


state 28
	ATm : STRINGV .  (84)

	.  reduce 84


state 29
	AppTm : BANG . PathTm  (71)

	NIL  shift 11
	UNIT  shift 15
	TRUE  shift 22
	FALSE  shift 23
	LCID  shift 45
	INTV  shift 26
	FLOATV  shift 27
	STRINGV  shift 28
	LCURLY  shift 31
	LPAREN  shift 32
	LT  shift 33
	.  error

	ATm  goto 39
	PathTm  goto 69
	AscribeTm  goto 41


state 30
	toplevel : EOF .  (8)

	.  reduce 8


state 31
	ATm : LCURLY . Fields RCURLY  (81)
	Fields : .  (93)

	FOLD  shift 4
	UNFOLD  shift 5
	REF  shift 6
	TAIL  shift 7
	HEAD  shift 8
	ISNIL  shift 9
	CONS  shift 10
	NIL  shift 11
	LETREC  shift 12
	FIX  shift 13
	CASE  shift 14
	UNIT  shift 15
	LET  shift 16
	SUCC  shift 17
	PRED  shift 18
	ISZERO  shift 19
	LAM  shift 20
	IF  shift 21
	TRUE  shift 22
	FALSE  shift 23
	LCID  shift 70
	INTV  shift 26
	FLOATV  shift 27
	STRINGV  shift 28
	BANG  shift 29
	LCURLY  shift 31
	LPAREN  shift 32
	LT  shift 33
	RCURLY  reduce 93

	Tm  goto 71
	AppTm  goto 38
	ATm  goto 39
	PathTm  goto 40
	AscribeTm  goto 41
	Fields  goto 72
	NEFields  goto 73
	Field  goto 74


state 32
	ATm : LPAREN . TmSeq RPAREN  (80)

	FOLD  shift 4
	UNFOLD  shift 5
	REF  shift 6
	TAIL  shift 7
	HEAD  shift 8
	ISNIL  shift 9
	CONS  shift 10
	NIL  shift 11
	LETREC  shift 12
	FIX  shift 13
	CASE  shift 14
	UNIT  shift 15
	LET  shift 16
	SUCC  shift 17
	PRED  shift 18
	ISZERO  shift 19
	LAM  shift 20
	IF  shift 21
	TRUE  shift 22
	FALSE  shift 23
	LCID  shift 45
	INTV  shift 26
	FLOATV  shift 27
	STRINGV  shift 28
	BANG  shift 29
	LCURLY  shift 31
	LPAREN  shift 32
	LT  shift 33
	.  error

	Tm  goto 75
	AppTm  goto 38
	ATm  goto 39
	PathTm  goto 40
	AscribeTm  goto 41
	TmSeq  goto 76


state 33
	ATm : LT . LCID EQ Tm GT AS Ty  (82)

	LCID  shift 77
	.  error


state 34
	%entry% : '\001' toplevel .  (99)

	.  reduce 99


state 35
	toplevel : Command . SEMI toplevel  (9)

	SEMI  shift 78
	.  error


state 36
	Command : TmWrap .  (10)
	TmWrap : TmWrap . COMMA LCID EQ Tm  (42)

	COMMA  shift 79
	SEMI  reduce 10
	DOUBLESEMI  reduce 10


state 37
	TmWrap : Tm . WHERE LCID EQ Tm  (43)
	TmWrap : Tm .  (44)

	WHERE  shift 80
	COMMA  reduce 44
	SEMI  reduce 44
	DOUBLESEMI  reduce 44


state 38
	Tm : AppTm .  (48)
	Tm : AppTm . COLONEQ AppTm  (58)
	AppTm : AppTm . PathTm  (64)

	NIL  shift 11
	UNIT  shift 15
	TRUE  shift 22
	FALSE  shift 23
	LCID  shift 45
	INTV  shift 26
	FLOATV  shift 27
	STRINGV  shift 28
	COLONEQ  shift 81
	LCURLY  shift 31
	LPAREN  shift 32
	LT  shift 33
	OF  reduce 48
	WHERE  reduce 48
	IN  reduce 48
	THEN  reduce 48
	ELSE  reduce 48
	COMMA  reduce 48
	GT  reduce 48
	RCURLY  reduce 48
	RPAREN  reduce 48
	SEMI  reduce 48
	DOUBLESEMI  reduce 48

	ATm  goto 39
	PathTm  goto 82
	AscribeTm  goto 41


state 39
	AscribeTm : ATm . AS Ty  (78)
	AscribeTm : ATm .  (79)

	AS  shift 83
	NIL  reduce 79
	TIMESFLOAT  reduce 79
	OF  reduce 79
	UNIT  reduce 79
	WHERE  reduce 79
	IN  reduce 79
	THEN  reduce 79
	ELSE  reduce 79
	TRUE  reduce 79
	FALSE  reduce 79
	LCID  reduce 79
	INTV  reduce 79
	FLOATV  reduce 79
	STRINGV  reduce 79
	COLONEQ  reduce 79
	COMMA  reduce 79
	DOT  reduce 79
	GT  reduce 79
	LCURLY  reduce 79
	LPAREN  reduce 79
	LT  reduce 79
	RCURLY  reduce 79
	RPAREN  reduce 79
	SEMI  reduce 79
	STAR  reduce 79
	VBAR  reduce 79
	DOUBLESEMI  reduce 79


state 40
	AppTm : PathTm .  (63)
	AppTm : PathTm . TIMESFLOAT PathTm  (65)
	AppTm : PathTm . STAR PathTm  (66)
	PathTm : PathTm . DOT LCID  (75)
	PathTm : PathTm . DOT INTV  (76)

	TIMESFLOAT  shift 84
	DOT  shift 85
	STAR  shift 86
	NIL  reduce 63
	OF  reduce 63
	UNIT  reduce 63
	WHERE  reduce 63
	IN  reduce 63
	THEN  reduce 63
	ELSE  reduce 63
	TRUE  reduce 63
	FALSE  reduce 63
	LCID  reduce 63
	INTV  reduce 63
	FLOATV  reduce 63
	STRINGV  reduce 63
	COLONEQ  reduce 63
	COMMA  reduce 63
	GT  reduce 63
	LCURLY  reduce 63
	LPAREN  reduce 63
	LT  reduce 63
	RCURLY  reduce 63
	RPAREN  reduce 63
	SEMI  reduce 63
	VBAR  reduce 63
	DOUBLESEMI  reduce 63


state 41
	PathTm : AscribeTm .  (77)

	.  reduce 77


state 42
	input : input . LOAD  (2)
	input : input . SHOWCONTEXT DOUBLESEMI  (3)
	input : input . DOUBLESEMI  (4)
	input : input . oneREPL  (5)
	%entry% : '\002' input .  (100)

	LOAD  shift 87
	SHOWCONTEXT  shift 88
	FOLD  shift 4
	UNFOLD  shift 5
	REF  shift 6
	TAIL  shift 7
	HEAD  shift 8
	ISNIL  shift 9
	CONS  shift 10
	NIL  shift 11
	LETREC  shift 12
	FIX  shift 13
	CASE  shift 14
	UNIT  shift 15
	LET  shift 16
	SUCC  shift 17
	PRED  shift 18
	ISZERO  shift 19
	LAM  shift 20
	IF  shift 21
	TRUE  shift 22
	FALSE  shift 23
	UCID  shift 24
	LCID  shift 25
	INTV  shift 26
	FLOATV  shift 27
	STRINGV  shift 28
	BANG  shift 29
	LCURLY  shift 31
	LPAREN  shift 32
	LT  shift 33
	DOUBLESEMI  shift 89
	$end  reduce 100

	oneREPL  goto 90
	Command  goto 91
	TmWrap  goto 36
	Tm  goto 37
	AppTm  goto 38
	ATm  goto 39
	PathTm  goto 40
	AscribeTm  goto 41


state 43
	AppTm : FOLD LSQUARE . Ty RSQUARE  (67)

	REC  shift 92
	TOP  shift 93
	SOURCE  shift 94
	SINK  shift 95
	REFTYPE  shift 96
	LIST  shift 97
	STRING  shift 98
	FLOAT  shift 99
	UNITTYPE  shift 100
	BOOL  shift 101
	NAT  shift 102
	UCID  shift 103
	LCURLY  shift 104
	LPAREN  shift 105
	LT  shift 106
	.  error

	Ty  goto 107
	ArrowTy  goto 108
	ATy  goto 109


state 44
	AppTm : UNFOLD LSQUARE . Ty RSQUARE  (68)

	REC  shift 92
	TOP  shift 93
	SOURCE  shift 94
	SINK  shift 95
	REFTYPE  shift 96
	LIST  shift 97
	STRING  shift 98
	FLOAT  shift 99
	UNITTYPE  shift 100
	BOOL  shift 101
	NAT  shift 102
	UCID  shift 103
	LCURLY  shift 104
	LPAREN  shift 105
	LT  shift 106
	.  error

	Ty  goto 110
	ArrowTy  goto 108
	ATy  goto 109


state 45
	ATm : LCID .  (83)

	.  reduce 83


state 46
	AppTm : REF PathTm .  (70)
	PathTm : PathTm . DOT LCID  (75)
	PathTm : PathTm . DOT INTV  (76)

	DOT  shift 85
	NIL  reduce 70
	OF  reduce 70
	UNIT  reduce 70
	WHERE  reduce 70
	IN  reduce 70
	THEN  reduce 70
	ELSE  reduce 70
	TRUE  reduce 70
	FALSE  reduce 70
	LCID  reduce 70
	INTV  reduce 70
	FLOATV  reduce 70
	STRINGV  reduce 70
	COLONEQ  reduce 70
	COMMA  reduce 70
	GT  reduce 70
	LCURLY  reduce 70
	LPAREN  reduce 70
	LT  reduce 70
	RCURLY  reduce 70
	RPAREN  reduce 70
	SEMI  reduce 70
	VBAR  reduce 70
	DOUBLESEMI  reduce 70


state 47
	LTy : LSQUARE . Ty RSQUARE  (35)

	REC  shift 92
	TOP  shift 93
	SOURCE  shift 94
	SINK  shift 95
	REFTYPE  shift 96
	LIST  shift 97
	STRING  shift 98
	FLOAT  shift 99
	UNITTYPE  shift 100
	BOOL  shift 101
	NAT  shift 102
	UCID  shift 103
	LCURLY  shift 104
	LPAREN  shift 105
	LT  shift 106
	.  error

	Ty  goto 111
	ArrowTy  goto 108
	ATy  goto 109


state 48
	Tm : TAIL LTy . ATm  (61)

	NIL  shift 11
	UNIT  shift 15
	TRUE  shift 22
	FALSE  shift 23
	LCID  shift 45
	INTV  shift 26
	FLOATV  shift 27
	STRINGV  shift 28
	LCURLY  shift 31
	LPAREN  shift 32
	LT  shift 33
	.  error

	ATm  goto 112


state 49
	Tm : HEAD LTy . ATm  (60)

	NIL  shift 11
	UNIT  shift 15
	TRUE  shift 22
	FALSE  shift 23
	LCID  shift 45
	INTV  shift 26
	FLOATV  shift 27
	STRINGV  shift 28
	LCURLY  shift 31
	LPAREN  shift 32
	LT  shift 33
	.  error

	ATm  goto 113


state 50
	Tm : ISNIL LTy . ATm  (62)

	NIL  shift 11
	UNIT  shift 15
	TRUE  shift 22
	FALSE  shift 23
	LCID  shift 45
	INTV  shift 26
	FLOATV  shift 27
	STRINGV  shift 28
	LCURLY  shift 31
	LPAREN  shift 32
	LT  shift 33
	.  error

	ATm  goto 114


state 51
	Tm : CONS LTy . ATm ATm  (59)

	NIL  shift 11
	UNIT  shift 15
	TRUE  shift 22
	FALSE  shift 23
	LCID  shift 45
	INTV  shift 26
	FLOATV  shift 27
	STRINGV  shift 28
	LCURLY  shift 31
	LPAREN  shift 32
	LT  shift 33
	.  error

	ATm  goto 115


state 52
	ATm : NIL LTy .  (90)

	.  reduce 90


state 53
	Tm : LETREC LCID . EQ Tm IN Tm  (55)
	Tm : LETREC LCID . COLON Ty EQ Tm IN Tm  (56)

	COLON  shift 116
	EQ  shift 117
	.  error


state 54
	AppTm : FIX PathTm .  (69)
	PathTm : PathTm . DOT LCID  (75)
	PathTm : PathTm . DOT INTV  (76)

	DOT  shift 85
	NIL  reduce 69
	OF  reduce 69
	UNIT  reduce 69
	WHERE  reduce 69
	IN  reduce 69
	THEN  reduce 69
	ELSE  reduce 69
	TRUE  reduce 69
	FALSE  reduce 69
	LCID  reduce 69
	INTV  reduce 69
	FLOATV  reduce 69
	STRINGV  reduce 69
	COLONEQ  reduce 69
	COMMA  reduce 69
	GT  reduce 69
	LCURLY  reduce 69
	LPAREN  reduce 69
	LT  reduce 69
	RCURLY  reduce 69
	RPAREN  reduce 69
	SEMI  reduce 69
	VBAR  reduce 69
	DOUBLESEMI  reduce 69


state 55
	Tm : CASE Tm . OF Cases  (57)

	OF  shift 118
	.  error


state 56
	Tm : LET LCID . EQ Tm IN Tm  (53)

	EQ  shift 119
	.  error


state 57
	Tm : LET USCORE . EQ Tm IN Tm  (54)

	EQ  shift 120
	.  error


state 58
	AppTm : SUCC PathTm .  (72)
	PathTm : PathTm . DOT LCID  (75)
	PathTm : PathTm . DOT INTV  (76)

	DOT  shift 85
	NIL  reduce 72
	OF  reduce 72
	UNIT  reduce 72
	WHERE  reduce 72
	IN  reduce 72
	THEN  reduce 72
	ELSE  reduce 72
	TRUE  reduce 72
	FALSE  reduce 72
	LCID  reduce 72
	INTV  reduce 72
	FLOATV  reduce 72
	STRINGV  reduce 72
	COLONEQ  reduce 72
	COMMA  reduce 72
	GT  reduce 72
	LCURLY  reduce 72
	LPAREN  reduce 72
	LT  reduce 72
	RCURLY  reduce 72
	RPAREN  reduce 72
	SEMI  reduce 72
	VBAR  reduce 72
	DOUBLESEMI  reduce 72


state 59
	AppTm : PRED PathTm .  (73)
	PathTm : PathTm . DOT LCID  (75)
	PathTm : PathTm . DOT INTV  (76)

	DOT  shift 85
	NIL  reduce 73
	OF  reduce 73
	UNIT  reduce 73
	WHERE  reduce 73
	IN  reduce 73
	THEN  reduce 73
	ELSE  reduce 73
	TRUE  reduce 73
	FALSE  reduce 73
	LCID  reduce 73
	INTV  reduce 73
	FLOATV  reduce 73
	STRINGV  reduce 73
	COLONEQ  reduce 73
	COMMA  reduce 73
	GT  reduce 73
	LCURLY  reduce 73
	LPAREN  reduce 73
	LT  reduce 73
	RCURLY  reduce 73
	RPAREN  reduce 73
	SEMI  reduce 73
	VBAR  reduce 73
	DOUBLESEMI  reduce 73


state 60
	AppTm : ISZERO PathTm .  (74)
	PathTm : PathTm . DOT LCID  (75)
	PathTm : PathTm . DOT INTV  (76)

	DOT  shift 85
	NIL  reduce 74
	OF  reduce 74
	UNIT  reduce 74
	WHERE  reduce 74
	IN  reduce 74
	THEN  reduce 74
	ELSE  reduce 74
	TRUE  reduce 74
	FALSE  reduce 74
	LCID  reduce 74
	INTV  reduce 74
	FLOATV  reduce 74
	STRINGV  reduce 74
	COLONEQ  reduce 74
	COMMA  reduce 74
	GT  reduce 74
	LCURLY  reduce 74
	LPAREN  reduce 74
	LT  reduce 74
	RCURLY  reduce 74
	RPAREN  reduce 74
	SEMI  reduce 74
	VBAR  reduce 74
	DOUBLESEMI  reduce 74


state 61
	Tm : LAM LCID . DOT Tm  (49)
	Tm : LAM LCID . COLON Ty DOT Tm  (50)

	COLON  shift 121
	DOT  shift 122
	.  error


state 62
	Tm : LAM USCORE . COLON Ty DOT Tm  (51)

	COLON  shift 123
	.  error


state 63
	Tm : IF Tm . THEN Tm ELSE Tm  (52)

	THEN  shift 124
	.  error


state 64
	TyBinder : EQ . Ty  (14)

	REC  shift 92
	TOP  shift 93
	SOURCE  shift 94
	SINK  shift 95
	REFTYPE  shift 96
	LIST  shift 97
	STRING  shift 98
	FLOAT  shift 99
	UNITTYPE  shift 100
	BOOL  shift 101
	NAT  shift 102
	UCID  shift 103
	LCURLY  shift 104
	LPAREN  shift 105
	LT  shift 106
	.  error

	Ty  goto 125
	ArrowTy  goto 108
	ATy  goto 109


state 65
	Command : UCID TyBinder .  (11)

	.  reduce 11


state 66
	Binder : COLON . Ty  (15)

	REC  shift 92
	TOP  shift 93
	SOURCE  shift 94
	SINK  shift 95
	REFTYPE  shift 96
	LIST  shift 97
	STRING  shift 98
	FLOAT  shift 99
	UNITTYPE  shift 100
	BOOL  shift 101
	NAT  shift 102
	UCID  shift 103
	LCURLY  shift 104
	LPAREN  shift 105
	LT  shift 106
	.  error

	Ty  goto 126
	ArrowTy  goto 108
	ATy  goto 109


state 67
	Binder : EQ . Tm  (16)

	FOLD  shift 4
	UNFOLD  shift 5
	REF  shift 6
	TAIL  shift 7
	HEAD  shift 8
	ISNIL  shift 9
	CONS  shift 10
	NIL  shift 11
	LETREC  shift 12
	FIX  shift 13
	CASE  shift 14
	UNIT  shift 15
	LET  shift 16
	SUCC  shift 17
	PRED  shift 18
	ISZERO  shift 19
	LAM  shift 20
	IF  shift 21
	TRUE  shift 22
	FALSE  shift 23
	LCID  shift 45
	INTV  shift 26
	FLOATV  shift 27
	STRINGV  shift 28
	BANG  shift 29
	LCURLY  shift 31
	LPAREN  shift 32
	LT  shift 33
	.  error

	Tm  goto 127
	AppTm  goto 38
	ATm  goto 39
	PathTm  goto 40
	AscribeTm  goto 41


state 68
	Command : LCID Binder .  (12)

	.  reduce 12


state 69
	AppTm : BANG PathTm .  (71)
	PathTm : PathTm . DOT LCID  (75)
	PathTm : PathTm . DOT INTV  (76)

	DOT  shift 85
	NIL  reduce 71
	OF  reduce 71
	UNIT  reduce 71
	WHERE  reduce 71
	IN  reduce 71
	THEN  reduce 71
	ELSE  reduce 71
	TRUE  reduce 71
	FALSE  reduce 71
	LCID  reduce 71
	INTV  reduce 71
	FLOATV  reduce 71
	STRINGV  reduce 71
	COLONEQ  reduce 71
	COMMA  reduce 71
	GT  reduce 71
	LCURLY  reduce 71
	LPAREN  reduce 71
	LT  reduce 71
	RCURLY  reduce 71
	RPAREN  reduce 71
	SEMI  reduce 71
	VBAR  reduce 71
	DOUBLESEMI  reduce 71


state 70
	ATm : LCID .  (83)
	Field : LCID . EQ Tm  (97)

	EQ  shift 128
	NIL  reduce 83
	TIMESFLOAT  reduce 83
	AS  reduce 83
	UNIT  reduce 83
	TRUE  reduce 83
	FALSE  reduce 83
	LCID  reduce 83
	INTV  reduce 83
	FLOATV  reduce 83
	STRINGV  reduce 83
	COLONEQ  reduce 83
	COMMA  reduce 83
	DOT  reduce 83
	LCURLY  reduce 83
	LPAREN  reduce 83
	LT  reduce 83
	RCURLY  reduce 83
	STAR  reduce 83


state 71
	Field : Tm .  (98)

	.  reduce 98


state 72
	ATm : LCURLY Fields . RCURLY  (81)

	RCURLY  shift 129
	.  error


state 73
	Fields : NEFields .  (94)

	.  reduce 94


state 74
	NEFields : Field .  (95)
	NEFields : Field . COMMA NEFields  (96)

	COMMA  shift 130
	RCURLY  reduce 95


state 75
	TmSeq : Tm .  (91)
	TmSeq : Tm . SEMI TmSeq  (92)

	SEMI  shift 131
	RPAREN  reduce 91


state 76
	ATm : LPAREN TmSeq . RPAREN  (80)

	RPAREN  shift 132
	.  error


state 77
	ATm : LT LCID . EQ Tm GT AS Ty  (82)

	EQ  shift 133
	.  error


state 78
	toplevel : Command SEMI . toplevel  (9)

	FOLD  shift 4
	UNFOLD  shift 5
	REF  shift 6
	TAIL  shift 7
	HEAD  shift 8
	ISNIL  shift 9
	CONS  shift 10
	NIL  shift 11
	LETREC  shift 12
	FIX  shift 13
	CASE  shift 14
	UNIT  shift 15
	LET  shift 16
	SUCC  shift 17
	PRED  shift 18
	ISZERO  shift 19
	LAM  shift 20
	IF  shift 21
	TRUE  shift 22
	FALSE  shift 23
	UCID  shift 24
	LCID  shift 25
	INTV  shift 26
	FLOATV  shift 27
	STRINGV  shift 28
	BANG  shift 29
	EOF  shift 30
	LCURLY  shift 31
	LPAREN  shift 32
	LT  shift 33
	.  error

	toplevel  goto 134
	Command  goto 35
	TmWrap  goto 36
	Tm  goto 37
	AppTm  goto 38
	ATm  goto 39
	PathTm  goto 40
	AscribeTm  goto 41


state 79
	TmWrap : TmWrap COMMA . LCID EQ Tm  (42)

	LCID  shift 135
	.  error


state 80
	TmWrap : Tm WHERE . LCID EQ Tm  (43)

	LCID  shift 136
	.  error


state 81
	Tm : AppTm COLONEQ . AppTm  (58)

	FOLD  shift 4
	UNFOLD  shift 5
	REF  shift 6
	NIL  shift 11
	FIX  shift 13
	UNIT  shift 15
	SUCC  shift 17
	PRED  shift 18
	ISZERO  shift 19
	TRUE  shift 22
	FALSE  shift 23
	LCID  shift 45
	INTV  shift 26
	FLOATV  shift 27
	STRINGV  shift 28
	BANG  shift 29
	LCURLY  shift 31
	LPAREN  shift 32
	LT  shift 33
	.  error

	AppTm  goto 137
	ATm  goto 39
	PathTm  goto 40
	AscribeTm  goto 41


state 82
	AppTm : AppTm PathTm .  (64)
	PathTm : PathTm . DOT LCID  (75)
	PathTm : PathTm . DOT INTV  (76)

	DOT  shift 85
	NIL  reduce 64
	OF  reduce 64
	UNIT  reduce 64
	WHERE  reduce 64
	IN  reduce 64
	THEN  reduce 64
	ELSE  reduce 64
	TRUE  reduce 64
	FALSE  reduce 64
	LCID  reduce 64
	INTV  reduce 64
	FLOATV  reduce 64
	STRINGV  reduce 64
	COLONEQ  reduce 64
	COMMA  reduce 64
	GT  reduce 64
	LCURLY  reduce 64
	LPAREN  reduce 64
	LT  reduce 64
	RCURLY  reduce 64
	RPAREN  reduce 64
	SEMI  reduce 64
	VBAR  reduce 64
	DOUBLESEMI  reduce 64


state 83
	AscribeTm : ATm AS . Ty  (78)

	REC  shift 92
	TOP  shift 93
	SOURCE  shift 94
	SINK  shift 95
	REFTYPE  shift 96
	LIST  shift 97
	STRING  shift 98
	FLOAT  shift 99
	UNITTYPE  shift 100
	BOOL  shift 101
	NAT  shift 102
	UCID  shift 103
	LCURLY  shift 104
	LPAREN  shift 105
	LT  shift 106
	.  error

	Ty  goto 138
	ArrowTy  goto 108
	ATy  goto 109


state 84
	AppTm : PathTm TIMESFLOAT . PathTm  (65)

	NIL  shift 11
	UNIT  shift 15
	TRUE  shift 22
	FALSE  shift 23
	LCID  shift 45
	INTV  shift 26
	FLOATV  shift 27
	STRINGV  shift 28
	LCURLY  shift 31
	LPAREN  shift 32
	LT  shift 33
	.  error

	ATm  goto 39
	PathTm  goto 139
	AscribeTm  goto 41


state 85
	PathTm : PathTm DOT . LCID  (75)
	PathTm : PathTm DOT . INTV  (76)

	LCID  shift 140
	INTV  shift 141
	.  error


state 86
	AppTm : PathTm STAR . PathTm  (66)

	NIL  shift 11
	UNIT  shift 15
	TRUE  shift 22
	FALSE  shift 23
	LCID  shift 45
	INTV  shift 26
	FLOATV  shift 27
	STRINGV  shift 28
	LCURLY  shift 31
	LPAREN  shift 32
	LT  shift 33
	.  error

	ATm  goto 39
	PathTm  goto 142
	AscribeTm  goto 41


state 87
	input : input LOAD .  (2)

	.  reduce 2


state 88
	input : input SHOWCONTEXT . DOUBLESEMI  (3)

	DOUBLESEMI  shift 143
	.  error


state 89
	input : input DOUBLESEMI .  (4)

	.  reduce 4


state 90
	input : input oneREPL .  (5)

	.  reduce 5


state 91
	oneREPL : Command . DOUBLESEMI  (6)
	oneREPL : Command . SEMI oneREPL  (7)

	SEMI  shift 144
	DOUBLESEMI  shift 145
	.  error


state 92
	Ty : REC . UCID DOT Ty  (18)

	UCID  shift 146
	.  error


state 93
	ATy : TOP .  (26)

	.  reduce 26


state 94
	Ty : SOURCE . ATy  (20)

	TOP  shift 93
	LIST  shift 97
	STRING  shift 98
	FLOAT  shift 99
	UNITTYPE  shift 100
	BOOL  shift 101
	NAT  shift 102
	UCID  shift 103
	LCURLY  shift 104
	LPAREN  shift 105
	LT  shift 106
	.  error

	ATy  goto 147


state 95
	Ty : SINK . ATy  (21)

	TOP  shift 93
	LIST  shift 97
	STRING  shift 98
	FLOAT  shift 99
	UNITTYPE  shift 100
	BOOL  shift 101
	NAT  shift 102
	UCID  shift 103
	LCURLY  shift 104
	LPAREN  shift 105
	LT  shift 106
	.  error

	ATy  goto 148


state 96
	Ty : REFTYPE . ATy  (19)

	TOP  shift 93
	LIST  shift 97
	STRING  shift 98
	FLOAT  shift 99
	UNITTYPE  shift 100
	BOOL  shift 101
	NAT  shift 102
	UCID  shift 103
	LCURLY  shift 104
	LPAREN  shift 105
	LT  shift 106
	.  error

	ATy  goto 149


state 97
	ATy : LIST . Ty  (34)

	REC  shift 92
	TOP  shift 93
	SOURCE  shift 94
	SINK  shift 95
	REFTYPE  shift 96
	LIST  shift 97
	STRING  shift 98
	FLOAT  shift 99
	UNITTYPE  shift 100
	BOOL  shift 101
	NAT  shift 102
	UCID  shift 103
	LCURLY  shift 104
	LPAREN  shift 105
	LT  shift 106
	.  error

	Ty  goto 150
	ArrowTy  goto 108
	ATy  goto 109


state 98
	ATy : STRING .  (28)

	.  reduce 28


state 99
	ATy : FLOAT .  (27)

	.  reduce 27


state 100
	ATy : UNITTYPE .  (31)

	.  reduce 31


state 101
	ATy : BOOL .  (29)

	.  reduce 29


state 102
	ATy : NAT .  (30)

	.  reduce 30


state 103
	ATy : UCID .  (25)

	.  reduce 25


state 104
	ATy : LCURLY . TyFields RCURLY  (32)
	TyFields : .  (36)

	REC  shift 92
	TOP  shift 93
	SOURCE  shift 94
	SINK  shift 95
	REFTYPE  shift 96
	LIST  shift 97
	STRING  shift 98
	FLOAT  shift 99
	UNITTYPE  shift 100
	BOOL  shift 101
	NAT  shift 102
	UCID  shift 103
	LCID  shift 151
	LCURLY  shift 104
	LPAREN  shift 105
	LT  shift 106
	RCURLY  reduce 36

	Ty  goto 152
	ArrowTy  goto 108
	ATy  goto 109
	TyFields  goto 153
	NETyFields  goto 154
	TyField  goto 155


state 105
	ATy : LPAREN . Ty RPAREN  (24)

	REC  shift 92
	TOP  shift 93
	SOURCE  shift 94
	SINK  shift 95
	REFTYPE  shift 96
	LIST  shift 97
	STRING  shift 98
	FLOAT  shift 99
	UNITTYPE  shift 100
	BOOL  shift 101
	NAT  shift 102
	UCID  shift 103
	LCURLY  shift 104
	LPAREN  shift 105
	LT  shift 106
	.  error

	Ty  goto 156
	ArrowTy  goto 108
	ATy  goto 109


state 106
	ATy : LT . TyFields GT  (33)
	TyFields : .  (36)

	REC  shift 92
	TOP  shift 93
	SOURCE  shift 94
	SINK  shift 95
	REFTYPE  shift 96
	LIST  shift 97
	STRING  shift 98
	FLOAT  shift 99
	UNITTYPE  shift 100
	BOOL  shift 101
	NAT  shift 102
	UCID  shift 103
	LCID  shift 151
	LCURLY  shift 104
	LPAREN  shift 105
	LT  shift 106
	GT  reduce 36

	Ty  goto 152
	ArrowTy  goto 108
	ATy  goto 109
	TyFields  goto 157
	NETyFields  goto 154
	TyField  goto 155


state 107
	AppTm : FOLD LSQUARE Ty . RSQUARE  (67)

	RSQUARE  shift 158
	.  error


state 108
	Ty : ArrowTy .  (17)

	.  reduce 17


109: shift/reduce conflict (shift 159, reduce 23) on ARROW
state 109
	ArrowTy : ATy . ARROW ArrowTy  (22)
	ArrowTy : ATy .  (23)

	ARROW  shift 159
	NIL  reduce 23
	TIMESFLOAT  reduce 23
	OF  reduce 23
	AS  reduce 23
	UNIT  reduce 23
	WHERE  reduce 23
	IN  reduce 23
	THEN  reduce 23
	ELSE  reduce 23
	TRUE  reduce 23
	FALSE  reduce 23
	LCID  reduce 23
	INTV  reduce 23
	FLOATV  reduce 23
	STRINGV  reduce 23
	COLONEQ  reduce 23
	COMMA  reduce 23
	DOT  reduce 23
	EQ  reduce 23
	GT  reduce 23
	LCURLY  reduce 23
	LPAREN  reduce 23
	LT  reduce 23
	RCURLY  reduce 23
	RPAREN  reduce 23
	RSQUARE  reduce 23
	SEMI  reduce 23
	STAR  reduce 23
	VBAR  reduce 23
	DOUBLESEMI  reduce 23


state 110
	AppTm : UNFOLD LSQUARE Ty . RSQUARE  (68)

	RSQUARE  shift 160
	.  error


state 111
	LTy : LSQUARE Ty . RSQUARE  (35)

	RSQUARE  shift 161
	.  error


state 112
	Tm : TAIL LTy ATm .  (61)

	.  reduce 61


state 113
	Tm : HEAD LTy ATm .  (60)

	.  reduce 60


state 114
	Tm : ISNIL LTy ATm .  (62)

	.  reduce 62


state 115
	Tm : CONS LTy ATm . ATm  (59)

	NIL  shift 11
	UNIT  shift 15
	TRUE  shift 22
	FALSE  shift 23
	LCID  shift 45
	INTV  shift 26
	FLOATV  shift 27
	STRINGV  shift 28
	LCURLY  shift 31
	LPAREN  shift 32
	LT  shift 33
	.  error

	ATm  goto 162


state 116
	Tm : LETREC LCID COLON . Ty EQ Tm IN Tm  (56)

	REC  shift 92
	TOP  shift 93
	SOURCE  shift 94
	SINK  shift 95
	REFTYPE  shift 96
	LIST  shift 97
	STRING  shift 98
	FLOAT  shift 99
	UNITTYPE  shift 100
	BOOL  shift 101
	NAT  shift 102
	UCID  shift 103
	LCURLY  shift 104
	LPAREN  shift 105
	LT  shift 106
	.  error

	Ty  goto 163
	ArrowTy  goto 108
	ATy  goto 109


state 117
	Tm : LETREC LCID EQ . Tm IN Tm  (55)

	FOLD  shift 4
	UNFOLD  shift 5
	REF  shift 6
	TAIL  shift 7
	HEAD  shift 8
	ISNIL  shift 9
	CONS  shift 10
	NIL  shift 11
	LETREC  shift 12
	FIX  shift 13
	CASE  shift 14
	UNIT  shift 15
	LET  shift 16
	SUCC  shift 17
	PRED  shift 18
	ISZERO  shift 19
	LAM  shift 20
	IF  shift 21
	TRUE  shift 22
	FALSE  shift 23
	LCID  shift 45
	INTV  shift 26
	FLOATV  shift 27
	STRINGV  shift 28
	BANG  shift 29
	LCURLY  shift 31
	LPAREN  shift 32
	LT  shift 33
	.  error

	Tm  goto 164
	AppTm  goto 38
	ATm  goto 39
	PathTm  goto 40
	AscribeTm  goto 41


state 118
	Tm : CASE Tm OF . Cases  (57)

	LT  shift 165
	.  error

	Cases  goto 166
	Case  goto 167


state 119
	Tm : LET LCID EQ . Tm IN Tm  (53)

	FOLD  shift 4
	UNFOLD  shift 5
	REF  shift 6
	TAIL  shift 7
	HEAD  shift 8
	ISNIL  shift 9
	CONS  shift 10
	NIL  shift 11
	LETREC  shift 12
	FIX  shift 13
	CASE  shift 14
	UNIT  shift 15
	LET  shift 16
	SUCC  shift 17
	PRED  shift 18
	ISZERO  shift 19
	LAM  shift 20
	IF  shift 21
	TRUE  shift 22
	FALSE  shift 23
	LCID  shift 45
	INTV  shift 26
	FLOATV  shift 27
	STRINGV  shift 28
	BANG  shift 29
	LCURLY  shift 31
	LPAREN  shift 32
	LT  shift 33
	.  error

	Tm  goto 168
	AppTm  goto 38
	ATm  goto 39
	PathTm  goto 40
	AscribeTm  goto 41


state 120
	Tm : LET USCORE EQ . Tm IN Tm  (54)

	FOLD  shift 4
	UNFOLD  shift 5
	REF  shift 6
	TAIL  shift 7
	HEAD  shift 8
	ISNIL  shift 9
	CONS  shift 10
	NIL  shift 11
	LETREC  shift 12
	FIX  shift 13
	CASE  shift 14
	UNIT  shift 15
	LET  shift 16
	SUCC  shift 17
	PRED  shift 18
	ISZERO  shift 19
	LAM  shift 20
	IF  shift 21
	TRUE  shift 22
	FALSE  shift 23
	LCID  shift 45
	INTV  shift 26
	FLOATV  shift 27
	STRINGV  shift 28
	BANG  shift 29
	LCURLY  shift 31
	LPAREN  shift 32
	LT  shift 33
	.  error

	Tm  goto 169
	AppTm  goto 38
	ATm  goto 39
	PathTm  goto 40
	AscribeTm  goto 41


state 121
	Tm : LAM LCID COLON . Ty DOT Tm  (50)

	REC  shift 92
	TOP  shift 93
	SOURCE  shift 94
	SINK  shift 95
	REFTYPE  shift 96
	LIST  shift 97
	STRING  shift 98
	FLOAT  shift 99
	UNITTYPE  shift 100
	BOOL  shift 101
	NAT  shift 102
	UCID  shift 103
	LCURLY  shift 104
	LPAREN  shift 105
	LT  shift 106
	.  error

	Ty  goto 170
	ArrowTy  goto 108
	ATy  goto 109


state 122
	Tm : LAM LCID DOT . Tm  (49)

	FOLD  shift 4
	UNFOLD  shift 5
	REF  shift 6
	TAIL  shift 7
	HEAD  shift 8
	ISNIL  shift 9
	CONS  shift 10
	NIL  shift 11
	LETREC  shift 12
	FIX  shift 13
	CASE  shift 14
	UNIT  shift 15
	LET  shift 16
	SUCC  shift 17
	PRED  shift 18
	ISZERO  shift 19
	LAM  shift 20
	IF  shift 21
	TRUE  shift 22
	FALSE  shift 23
	LCID  shift 45
	INTV  shift 26
	FLOATV  shift 27
	STRINGV  shift 28
	BANG  shift 29
	LCURLY  shift 31
	LPAREN  shift 32
	LT  shift 33
	.  error

	Tm  goto 171
	AppTm  goto 38
	ATm  goto 39
	PathTm  goto 40
	AscribeTm  goto 41


state 123
	Tm : LAM USCORE COLON . Ty DOT Tm  (51)

	REC  shift 92
	TOP  shift 93
	SOURCE  shift 94
	SINK  shift 95
	REFTYPE  shift 96
	LIST  shift 97
	STRING  shift 98
	FLOAT  shift 99
	UNITTYPE  shift 100
	BOOL  shift 101
	NAT  shift 102
	UCID  shift 103
	LCURLY  shift 104
	LPAREN  shift 105
	LT  shift 106
	.  error

	Ty  goto 172
	ArrowTy  goto 108
	ATy  goto 109


state 124
	Tm : IF Tm THEN . Tm ELSE Tm  (52)

	FOLD  shift 4
	UNFOLD  shift 5
	REF  shift 6
	TAIL  shift 7
	HEAD  shift 8
	ISNIL  shift 9
	CONS  shift 10
	NIL  shift 11
	LETREC  shift 12
	FIX  shift 13
	CASE  shift 14
	UNIT  shift 15
	LET  shift 16
	SUCC  shift 17
	PRED  shift 18
	ISZERO  shift 19
	LAM  shift 20
	IF  shift 21
	TRUE  shift 22
	FALSE  shift 23
	LCID  shift 45
	INTV  shift 26
	FLOATV  shift 27
	STRINGV  shift 28
	BANG  shift 29
	LCURLY  shift 31
	LPAREN  shift 32
	LT  shift 33
	.  error

	Tm  goto 173
	AppTm  goto 38
	ATm  goto 39
	PathTm  goto 40
	AscribeTm  goto 41


state 125
	TyBinder : EQ Ty .  (14)

	.  reduce 14


state 126
	Binder : COLON Ty .  (15)

	.  reduce 15


state 127
	Binder : EQ Tm .  (16)

	.  reduce 16


state 128
	Field : LCID EQ . Tm  (97)

	FOLD  shift 4
	UNFOLD  shift 5
	REF  shift 6
	TAIL  shift 7
	HEAD  shift 8
	ISNIL  shift 9
	CONS  shift 10
	NIL  shift 11
	LETREC  shift 12
	FIX  shift 13
	CASE  shift 14
	UNIT  shift 15
	LET  shift 16
	SUCC  shift 17
	PRED  shift 18
	ISZERO  shift 19
	LAM  shift 20
	IF  shift 21
	TRUE  shift 22
	FALSE  shift 23
	LCID  shift 45
	INTV  shift 26
	FLOATV  shift 27
	STRINGV  shift 28
	BANG  shift 29
	LCURLY  shift 31
	LPAREN  shift 32
	LT  shift 33
	.  error

	Tm  goto 174
	AppTm  goto 38
	ATm  goto 39
	PathTm  goto 40
	AscribeTm  goto 41


state 129
	ATm : LCURLY Fields RCURLY .  (81)

	.  reduce 81


state 130
	NEFields : Field COMMA . NEFields  (96)

	FOLD  shift 4
	UNFOLD  shift 5
	REF  shift 6
	TAIL  shift 7
	HEAD  shift 8
	ISNIL  shift 9
	CONS  shift 10
	NIL  shift 11
	LETREC  shift 12
	FIX  shift 13
	CASE  shift 14
	UNIT  shift 15
	LET  shift 16
	SUCC  shift 17
	PRED  shift 18
	ISZERO  shift 19
	LAM  shift 20
	IF  shift 21
	TRUE  shift 22
	FALSE  shift 23
	LCID  shift 70
	INTV  shift 26
	FLOATV  shift 27
	STRINGV  shift 28
	BANG  shift 29
	LCURLY  shift 31
	LPAREN  shift 32
	LT  shift 33
	.  error

	Tm  goto 71
	AppTm  goto 38
	ATm  goto 39
	PathTm  goto 40
	AscribeTm  goto 41
	NEFields  goto 175
	Field  goto 74


state 131
	TmSeq : Tm SEMI . TmSeq  (92)

	FOLD  shift 4
	UNFOLD  shift 5
	REF  shift 6
	TAIL  shift 7
	HEAD  shift 8
	ISNIL  shift 9
	CONS  shift 10
	NIL  shift 11
	LETREC  shift 12
	FIX  shift 13
	CASE  shift 14
	UNIT  shift 15
	LET  shift 16
	SUCC  shift 17
	PRED  shift 18
	ISZERO  shift 19
	LAM  shift 20
	IF  shift 21
	TRUE  shift 22
	FALSE  shift 23
	LCID  shift 45
	INTV  shift 26
	FLOATV  shift 27
	STRINGV  shift 28
	BANG  shift 29
	LCURLY  shift 31
	LPAREN  shift 32
	LT  shift 33
	.  error

	Tm  goto 75
	AppTm  goto 38
	ATm  goto 39
	PathTm  goto 40
	AscribeTm  goto 41
	TmSeq  goto 176


state 132
	ATm : LPAREN TmSeq RPAREN .  (80)

	.  reduce 80


state 133
	ATm : LT LCID EQ . Tm GT AS Ty  (82)

	FOLD  shift 4
	UNFOLD  shift 5
	REF  shift 6
	TAIL  shift 7
	HEAD  shift 8
	ISNIL  shift 9
	CONS  shift 10
	NIL  shift 11
	LETREC  shift 12
	FIX  shift 13
	CASE  shift 14
	UNIT  shift 15
	LET  shift 16
	SUCC  shift 17
	PRED  shift 18
	ISZERO  shift 19
	LAM  shift 20
	IF  shift 21
	TRUE  shift 22
	FALSE  shift 23
	LCID  shift 45
	INTV  shift 26
	FLOATV  shift 27
	STRINGV  shift 28
	BANG  shift 29
	LCURLY  shift 31
	LPAREN  shift 32
	LT  shift 33
	.  error

	Tm  goto 177
	AppTm  goto 38
	ATm  goto 39
	PathTm  goto 40
	AscribeTm  goto 41


state 134
	toplevel : Command SEMI toplevel .  (9)

	.  reduce 9


state 135
	TmWrap : TmWrap COMMA LCID . EQ Tm  (42)

	EQ  shift 178
	.  error


state 136
	TmWrap : Tm WHERE LCID . EQ Tm  (43)

	EQ  shift 179
	.  error


state 137
	Tm : AppTm COLONEQ AppTm .  (58)
	AppTm : AppTm . PathTm  (64)

	NIL  shift 11
	UNIT  shift 15
	TRUE  shift 22
	FALSE  shift 23
	LCID  shift 45
	INTV  shift 26
	FLOATV  shift 27
	STRINGV  shift 28
	LCURLY  shift 31
	LPAREN  shift 32
	LT  shift 33
	OF  reduce 58
	WHERE  reduce 58
	IN  reduce 58
	THEN  reduce 58
	ELSE  reduce 58
	COMMA  reduce 58
	GT  reduce 58
	RCURLY  reduce 58
	RPAREN  reduce 58
	SEMI  reduce 58
	DOUBLESEMI  reduce 58

	ATm  goto 39
	PathTm  goto 82
	AscribeTm  goto 41


state 138
	AscribeTm : ATm AS Ty .  (78)

	.  reduce 78


state 139
	AppTm : PathTm TIMESFLOAT PathTm .  (65)
	PathTm : PathTm . DOT LCID  (75)
	PathTm : PathTm . DOT INTV  (76)

	DOT  shift 85
	NIL  reduce 65
	OF  reduce 65
	UNIT  reduce 65
	WHERE  reduce 65
	IN  reduce 65
	THEN  reduce 65
	ELSE  reduce 65
	TRUE  reduce 65
	FALSE  reduce 65
	LCID  reduce 65
	INTV  reduce 65
	FLOATV  reduce 65
	STRINGV  reduce 65
	COLONEQ  reduce 65
	COMMA  reduce 65
	GT  reduce 65
	LCURLY  reduce 65
	LPAREN  reduce 65
	LT  reduce 65
	RCURLY  reduce 65
	RPAREN  reduce 65
	SEMI  reduce 65
	VBAR  reduce 65
	DOUBLESEMI  reduce 65


state 140
	PathTm : PathTm DOT LCID .  (75)

	.  reduce 75


state 141
	PathTm : PathTm DOT INTV .  (76)

	.  reduce 76


state 142
	AppTm : PathTm STAR PathTm .  (66)
	PathTm : PathTm . DOT LCID  (75)
	PathTm : PathTm . DOT INTV  (76)

	DOT  shift 85
	NIL  reduce 66
	OF  reduce 66
	UNIT  reduce 66
	WHERE  reduce 66
	IN  reduce 66
	THEN  reduce 66
	ELSE  reduce 66
	TRUE  reduce 66
	FALSE  reduce 66
	LCID  reduce 66
	INTV  reduce 66
	FLOATV  reduce 66
	STRINGV  reduce 66
	COLONEQ  reduce 66
	COMMA  reduce 66
	GT  reduce 66
	LCURLY  reduce 66
	LPAREN  reduce 66
	LT  reduce 66
	RCURLY  reduce 66
	RPAREN  reduce 66
	SEMI  reduce 66
	VBAR  reduce 66
	DOUBLESEMI  reduce 66


state 143
	input : input SHOWCONTEXT DOUBLESEMI .  (3)

	.  reduce 3


state 144
	oneREPL : Command SEMI . oneREPL  (7)

	FOLD  shift 4
	UNFOLD  shift 5
	REF  shift 6
	TAIL  shift 7
	HEAD  shift 8
	ISNIL  shift 9
	CONS  shift 10
	NIL  shift 11
	LETREC  shift 12
	FIX  shift 13
	CASE  shift 14
	UNIT  shift 15
	LET  shift 16
	SUCC  shift 17
	PRED  shift 18
	ISZERO  shift 19
	LAM  shift 20
	IF  shift 21
	TRUE  shift 22
	FALSE  shift 23
	UCID  shift 24
	LCID  shift 25
	INTV  shift 26
	FLOATV  shift 27
	STRINGV  shift 28
	BANG  shift 29
	LCURLY  shift 31
	LPAREN  shift 32
	LT  shift 33
	.  error

	oneREPL  goto 180
	Command  goto 91
	TmWrap  goto 36
	Tm  goto 37
	AppTm  goto 38
	ATm  goto 39
	PathTm  goto 40
	AscribeTm  goto 41


state 145
	oneREPL : Command DOUBLESEMI .  (6)

	.  reduce 6


state 146
	Ty : REC UCID . DOT Ty  (18)

	DOT  shift 181
	.  error


state 147
	Ty : SOURCE ATy .  (20)

	.  reduce 20


state 148
	Ty : SINK ATy .  (21)

	.  reduce 21


state 149
	Ty : REFTYPE ATy .  (19)

	.  reduce 19


state 150
	ATy : LIST Ty .  (34)

	.  reduce 34


state 151
	TyField : LCID . COLON Ty  (40)

	COLON  shift 182
	.  error


state 152
	TyField : Ty .  (41)

	.  reduce 41


state 153
	ATy : LCURLY TyFields . RCURLY  (32)

	RCURLY  shift 183
	.  error


state 154
	TyFields : NETyFields .  (37)

	.  reduce 37


state 155
	NETyFields : TyField .  (38)
	NETyFields : TyField . COMMA NETyFields  (39)

	COMMA  shift 184
	GT  reduce 38
	RCURLY  reduce 38


state 156
	ATy : LPAREN Ty . RPAREN  (24)

	RPAREN  shift 185
	.  error


state 157
	ATy : LT TyFields . GT  (33)

	GT  shift 186
	.  error


state 158
	AppTm : FOLD LSQUARE Ty RSQUARE .  (67)

	.  reduce 67


state 159
	ArrowTy : ATy ARROW . ArrowTy  (22)

	TOP  shift 93
	LIST  shift 97
	STRING  shift 98
	FLOAT  shift 99
	UNITTYPE  shift 100
	BOOL  shift 101
	NAT  shift 102
	UCID  shift 103
	LCURLY  shift 104
	LPAREN  shift 105
	LT  shift 106
	.  error

	ArrowTy  goto 187
	ATy  goto 109


state 160
	AppTm : UNFOLD LSQUARE Ty RSQUARE .  (68)

	.  reduce 68


state 161
	LTy : LSQUARE Ty RSQUARE .  (35)

	.  reduce 35


state 162
	Tm : CONS LTy ATm ATm .  (59)

	.  reduce 59


state 163
	Tm : LETREC LCID COLON Ty . EQ Tm IN Tm  (56)

	EQ  shift 188
	.  error


state 164
	Tm : LETREC LCID EQ Tm . IN Tm  (55)

	IN  shift 189
	.  error


state 165
	Case : LT . LCID EQ LCID GT DARROW AppTm  (47)

	LCID  shift 190
	.  error


state 166
	Tm : CASE Tm OF Cases .  (57)

	.  reduce 57


state 167
	Cases : Case .  (45)
	Cases : Case . VBAR Cases  (46)

	VBAR  shift 191
	OF  reduce 45
	WHERE  reduce 45
	IN  reduce 45
	THEN  reduce 45
	ELSE  reduce 45
	COMMA  reduce 45
	GT  reduce 45
	RCURLY  reduce 45
	RPAREN  reduce 45
	SEMI  reduce 45
	DOUBLESEMI  reduce 45


state 168
	Tm : LET LCID EQ Tm . IN Tm  (53)

	IN  shift 192
	.  error


state 169
	Tm : LET USCORE EQ Tm . IN Tm  (54)

	IN  shift 193
	.  error


state 170
	Tm : LAM LCID COLON Ty . DOT Tm  (50)

	DOT  shift 194
	.  error


state 171
	Tm : LAM LCID DOT Tm .  (49)

	.  reduce 49


state 172
	Tm : LAM USCORE COLON Ty . DOT Tm  (51)

	DOT  shift 195
	.  error


state 173
	Tm : IF Tm THEN Tm . ELSE Tm  (52)

	ELSE  shift 196
	.  error


state 174
	Field : LCID EQ Tm .  (97)

	.  reduce 97


state 175
	NEFields : Field COMMA NEFields .  (96)

	.  reduce 96


state 176
	TmSeq : Tm SEMI TmSeq .  (92)

	.  reduce 92


state 177
	ATm : LT LCID EQ Tm . GT AS Ty  (82)

	GT  shift 197
	.  error


state 178
	TmWrap : TmWrap COMMA LCID EQ . Tm  (42)

	FOLD  shift 4
	UNFOLD  shift 5
	REF  shift 6
	TAIL  shift 7
	HEAD  shift 8
	ISNIL  shift 9
	CONS  shift 10
	NIL  shift 11
	LETREC  shift 12
	FIX  shift 13
	CASE  shift 14
	UNIT  shift 15
	LET  shift 16
	SUCC  shift 17
	PRED  shift 18
	ISZERO  shift 19
	LAM  shift 20
	IF  shift 21
	TRUE  shift 22
	FALSE  shift 23
	LCID  shift 45
	INTV  shift 26
	FLOATV  shift 27
	STRINGV  shift 28
	BANG  shift 29
	LCURLY  shift 31
	LPAREN  shift 32
	LT  shift 33
	.  error

	Tm  goto 198
	AppTm  goto 38
	ATm  goto 39
	PathTm  goto 40
	AscribeTm  goto 41


state 179
	TmWrap : Tm WHERE LCID EQ . Tm  (43)

	FOLD  shift 4
	UNFOLD  shift 5
	REF  shift 6
	TAIL  shift 7
	HEAD  shift 8
	ISNIL  shift 9
	CONS  shift 10
	NIL  shift 11
	LETREC  shift 12
	FIX  shift 13
	CASE  shift 14
	UNIT  shift 15
	LET  shift 16
	SUCC  shift 17
	PRED  shift 18
	ISZERO  shift 19
	LAM  shift 20
	IF  shift 21
	TRUE  shift 22
	FALSE  shift 23
	LCID  shift 45
	INTV  shift 26
	FLOATV  shift 27
	STRINGV  shift 28
	BANG  shift 29
	LCURLY  shift 31
	LPAREN  shift 32
	LT  shift 33
	.  error

	Tm  goto 199
	AppTm  goto 38
	ATm  goto 39
	PathTm  goto 40
	AscribeTm  goto 41


state 180
	oneREPL : Command SEMI oneREPL .  (7)

	.  reduce 7


state 181
	Ty : REC UCID DOT . Ty  (18)

	REC  shift 92
	TOP  shift 93
	SOURCE  shift 94
	SINK  shift 95
	REFTYPE  shift 96
	LIST  shift 97
	STRING  shift 98
	FLOAT  shift 99
	UNITTYPE  shift 100
	BOOL  shift 101
	NAT  shift 102
	UCID  shift 103
	LCURLY  shift 104
	LPAREN  shift 105
	LT  shift 106
	.  error

	Ty  goto 200
	ArrowTy  goto 108
	ATy  goto 109


state 182
	TyField : LCID COLON . Ty  (40)

	REC  shift 92
	TOP  shift 93
	SOURCE  shift 94
	SINK  shift 95
	REFTYPE  shift 96
	LIST  shift 97
	STRING  shift 98
	FLOAT  shift 99
	UNITTYPE  shift 100
	BOOL  shift 101
	NAT  shift 102
	UCID  shift 103
	LCURLY  shift 104
	LPAREN  shift 105
	LT  shift 106
	.  error

	Ty  goto 201
	ArrowTy  goto 108
	ATy  goto 109


state 183
	ATy : LCURLY TyFields RCURLY .  (32)

	.  reduce 32


state 184
	NETyFields : TyField COMMA . NETyFields  (39)

	REC  shift 92
	TOP  shift 93
	SOURCE  shift 94
	SINK  shift 95
	REFTYPE  shift 96
	LIST  shift 97
	STRING  shift 98
	FLOAT  shift 99
	UNITTYPE  shift 100
	BOOL  shift 101
	NAT  shift 102
	UCID  shift 103
	LCID  shift 151
	LCURLY  shift 104
	LPAREN  shift 105
	LT  shift 106
	.  error

	Ty  goto 152
	ArrowTy  goto 108
	ATy  goto 109
	NETyFields  goto 202
	TyField  goto 155


state 185
	ATy : LPAREN Ty RPAREN .  (24)

	.  reduce 24


state 186
	ATy : LT TyFields GT .  (33)

	.  reduce 33


state 187
	ArrowTy : ATy ARROW ArrowTy .  (22)

	.  reduce 22


state 188
	Tm : LETREC LCID COLON Ty EQ . Tm IN Tm  (56)

	FOLD  shift 4
	UNFOLD  shift 5
	REF  shift 6
	TAIL  shift 7
	HEAD  shift 8
	ISNIL  shift 9
	CONS  shift 10
	NIL  shift 11
	LETREC  shift 12
	FIX  shift 13
	CASE  shift 14
	UNIT  shift 15
	LET  shift 16
	SUCC  shift 17
	PRED  shift 18
	ISZERO  shift 19
	LAM  shift 20
	IF  shift 21
	TRUE  shift 22
	FALSE  shift 23
	LCID  shift 45
	INTV  shift 26
	FLOATV  shift 27
	STRINGV  shift 28
	BANG  shift 29
	LCURLY  shift 31
	LPAREN  shift 32
	LT  shift 33
	.  error

	Tm  goto 203
	AppTm  goto 38
	ATm  goto 39
	PathTm  goto 40
	AscribeTm  goto 41


state 189
	Tm : LETREC LCID EQ Tm IN . Tm  (55)

	FOLD  shift 4
	UNFOLD  shift 5
	REF  shift 6
	TAIL  shift 7
	HEAD  shift 8
	ISNIL  shift 9
	CONS  shift 10
	NIL  shift 11
	LETREC  shift 12
	FIX  shift 13
	CASE  shift 14
	UNIT  shift 15
	LET  shift 16
	SUCC  shift 17
	PRED  shift 18
	ISZERO  shift 19
	LAM  shift 20
	IF  shift 21
	TRUE  shift 22
	FALSE  shift 23
	LCID  shift 45
	INTV  shift 26
	FLOATV  shift 27
	STRINGV  shift 28
	BANG  shift 29
	LCURLY  shift 31
	LPAREN  shift 32
	LT  shift 33
	.  error

	Tm  goto 204
	AppTm  goto 38
	ATm  goto 39
	PathTm  goto 40
	AscribeTm  goto 41


state 190
	Case : LT LCID . EQ LCID GT DARROW AppTm  (47)

	EQ  shift 205
	.  error


state 191
	Cases : Case VBAR . Cases  (46)

	LT  shift 165
	.  error

	Cases  goto 206
	Case  goto 167


state 192
	Tm : LET LCID EQ Tm IN . Tm  (53)

	FOLD  shift 4
	UNFOLD  shift 5
	REF  shift 6
	TAIL  shift 7
	HEAD  shift 8
	ISNIL  shift 9
	CONS  shift 10
	NIL  shift 11
	LETREC  shift 12
	FIX  shift 13
	CASE  shift 14
	UNIT  shift 15
	LET  shift 16
	SUCC  shift 17
	PRED  shift 18
	ISZERO  shift 19
	LAM  shift 20
	IF  shift 21
	TRUE  shift 22
	FALSE  shift 23
	LCID  shift 45
	INTV  shift 26
	FLOATV  shift 27
	STRINGV  shift 28
	BANG  shift 29
	LCURLY  shift 31
	LPAREN  shift 32
	LT  shift 33
	.  error

	Tm  goto 207
	AppTm  goto 38
	ATm  goto 39
	PathTm  goto 40
	AscribeTm  goto 41


state 193
	Tm : LET USCORE EQ Tm IN . Tm  (54)

	FOLD  shift 4
	UNFOLD  shift 5
	REF  shift 6
	TAIL  shift 7
	HEAD  shift 8
	ISNIL  shift 9
	CONS  shift 10
	NIL  shift 11
	LETREC  shift 12
	FIX  shift 13
	CASE  shift 14
	UNIT  shift 15
	LET  shift 16
	SUCC  shift 17
	PRED  shift 18
	ISZERO  shift 19
	LAM  shift 20
	IF  shift 21
	TRUE  shift 22
	FALSE  shift 23
	LCID  shift 45
	INTV  shift 26
	FLOATV  shift 27
	STRINGV  shift 28
	BANG  shift 29
	LCURLY  shift 31
	LPAREN  shift 32
	LT  shift 33
	.  error

	Tm  goto 208
	AppTm  goto 38
	ATm  goto 39
	PathTm  goto 40
	AscribeTm  goto 41


state 194
	Tm : LAM LCID COLON Ty DOT . Tm  (50)

	FOLD  shift 4
	UNFOLD  shift 5
	REF  shift 6
	TAIL  shift 7
	HEAD  shift 8
	ISNIL  shift 9
	CONS  shift 10
	NIL  shift 11
	LETREC  shift 12
	FIX  shift 13
	CASE  shift 14
	UNIT  shift 15
	LET  shift 16
	SUCC  shift 17
	PRED  shift 18
	ISZERO  shift 19
	LAM  shift 20
	IF  shift 21
	TRUE  shift 22
	FALSE  shift 23
	LCID  shift 45
	INTV  shift 26
	FLOATV  shift 27
	STRINGV  shift 28
	BANG  shift 29
	LCURLY  shift 31
	LPAREN  shift 32
	LT  shift 33
	.  error

	Tm  goto 209
	AppTm  goto 38
	ATm  goto 39
	PathTm  goto 40
	AscribeTm  goto 41


state 195
	Tm : LAM USCORE COLON Ty DOT . Tm  (51)

	FOLD  shift 4
	UNFOLD  shift 5
	REF  shift 6
	TAIL  shift 7
	HEAD  shift 8
	ISNIL  shift 9
	CONS  shift 10
	NIL  shift 11
	LETREC  shift 12
	FIX  shift 13
	CASE  shift 14
	UNIT  shift 15
	LET  shift 16
	SUCC  shift 17
	PRED  shift 18
	ISZERO  shift 19
	LAM  shift 20
	IF  shift 21
	TRUE  shift 22
	FALSE  shift 23
	LCID  shift 45
	INTV  shift 26
	FLOATV  shift 27
	STRINGV  shift 28
	BANG  shift 29
	LCURLY  shift 31
	LPAREN  shift 32
	LT  shift 33
	.  error

	Tm  goto 210
	AppTm  goto 38
	ATm  goto 39
	PathTm  goto 40
	AscribeTm  goto 41


state 196
	Tm : IF Tm THEN Tm ELSE . Tm  (52)

	FOLD  shift 4
	UNFOLD  shift 5
	REF  shift 6
	TAIL  shift 7
	HEAD  shift 8
	ISNIL  shift 9
	CONS  shift 10
	NIL  shift 11
	LETREC  shift 12
	FIX  shift 13
	CASE  shift 14
	UNIT  shift 15
	LET  shift 16
	SUCC  shift 17
	PRED  shift 18
	ISZERO  shift 19
	LAM  shift 20
	IF  shift 21
	TRUE  shift 22
	FALSE  shift 23
	LCID  shift 45
	INTV  shift 26
	FLOATV  shift 27
	STRINGV  shift 28
	BANG  shift 29
	LCURLY  shift 31
	LPAREN  shift 32
	LT  shift 33
	.  error

	Tm  goto 211
	AppTm  goto 38
	ATm  goto 39
	PathTm  goto 40
	AscribeTm  goto 41


state 197
	ATm : LT LCID EQ Tm GT . AS Ty  (82)

	AS  shift 212
	.  error


state 198
	TmWrap : TmWrap COMMA LCID EQ Tm .  (42)

	.  reduce 42


state 199
	TmWrap : Tm WHERE LCID EQ Tm .  (43)

	.  reduce 43


state 200
	Ty : REC UCID DOT Ty .  (18)

	.  reduce 18


state 201
	TyField : LCID COLON Ty .  (40)

	.  reduce 40


state 202
	NETyFields : TyField COMMA NETyFields .  (39)

	.  reduce 39


state 203
	Tm : LETREC LCID COLON Ty EQ Tm . IN Tm  (56)

	IN  shift 213
	.  error


state 204
	Tm : LETREC LCID EQ Tm IN Tm .  (55)

	.  reduce 55


state 205
	Case : LT LCID EQ . LCID GT DARROW AppTm  (47)

	LCID  shift 214
	.  error


state 206
	Cases : Case VBAR Cases .  (46)

	.  reduce 46


state 207
	Tm : LET LCID EQ Tm IN Tm .  (53)

	.  reduce 53


state 208
	Tm : LET USCORE EQ Tm IN Tm .  (54)

	.  reduce 54


state 209
	Tm : LAM LCID COLON Ty DOT Tm .  (50)

	.  reduce 50


state 210
	Tm : LAM USCORE COLON Ty DOT Tm .  (51)

	.  reduce 51


state 211
	Tm : IF Tm THEN Tm ELSE Tm .  (52)

	.  reduce 52


state 212
	ATm : LT LCID EQ Tm GT AS . Ty  (82)

	REC  shift 92
	TOP  shift 93
	SOURCE  shift 94
	SINK  shift 95
	REFTYPE  shift 96
	LIST  shift 97
	STRING  shift 98
	FLOAT  shift 99
	UNITTYPE  shift 100
	BOOL  shift 101
	NAT  shift 102
	UCID  shift 103
	LCURLY  shift 104
	LPAREN  shift 105
	LT  shift 106
	.  error

	Ty  goto 215
	ArrowTy  goto 108
	ATy  goto 109


state 213
	Tm : LETREC LCID COLON Ty EQ Tm IN . Tm  (56)

	FOLD  shift 4
	UNFOLD  shift 5
	REF  shift 6
	TAIL  shift 7
	HEAD  shift 8
	ISNIL  shift 9
	CONS  shift 10
	NIL  shift 11
	LETREC  shift 12
	FIX  shift 13
	CASE  shift 14
	UNIT  shift 15
	LET  shift 16
	SUCC  shift 17
	PRED  shift 18
	ISZERO  shift 19
	LAM  shift 20
	IF  shift 21
	TRUE  shift 22
	FALSE  shift 23
	LCID  shift 45
	INTV  shift 26
	FLOATV  shift 27
	STRINGV  shift 28
	BANG  shift 29
	LCURLY  shift 31
	LPAREN  shift 32
	LT  shift 33
	.  error

	Tm  goto 216
	AppTm  goto 38
	ATm  goto 39
	PathTm  goto 40
	AscribeTm  goto 41


state 214
	Case : LT LCID EQ LCID . GT DARROW AppTm  (47)

	GT  shift 217
	.  error


state 215
	ATm : LT LCID EQ Tm GT AS Ty .  (82)

	.  reduce 82


state 216
	Tm : LETREC LCID COLON Ty EQ Tm IN Tm .  (56)

	.  reduce 56


state 217
	Case : LT LCID EQ LCID GT . DARROW AppTm  (47)

	DARROW  shift 218
	.  error


state 218
	Case : LT LCID EQ LCID GT DARROW . AppTm  (47)

	FOLD  shift 4
	UNFOLD  shift 5
	REF  shift 6
	NIL  shift 11
	FIX  shift 13
	UNIT  shift 15
	SUCC  shift 17
	PRED  shift 18
	ISZERO  shift 19
	TRUE  shift 22
	FALSE  shift 23
	LCID  shift 45
	INTV  shift 26
	FLOATV  shift 27
	STRINGV  shift 28
	BANG  shift 29
	LCURLY  shift 31
	LPAREN  shift 32
	LT  shift 33
	.  error

	AppTm  goto 219
	ATm  goto 39
	PathTm  goto 40
	AscribeTm  goto 41


state 219
	Case : LT LCID EQ LCID GT DARROW AppTm .  (47)
	AppTm : AppTm . PathTm  (64)

	NIL  shift 11
	UNIT  shift 15
	TRUE  shift 22
	FALSE  shift 23
	LCID  shift 45
	INTV  shift 26
	FLOATV  shift 27
	STRINGV  shift 28
	LCURLY  shift 31
	LPAREN  shift 32
	LT  shift 33
	OF  reduce 47
	WHERE  reduce 47
	IN  reduce 47
	THEN  reduce 47
	ELSE  reduce 47
	COMMA  reduce 47
	GT  reduce 47
	RCURLY  reduce 47
	RPAREN  reduce 47
	SEMI  reduce 47
	VBAR  reduce 47
	DOUBLESEMI  reduce 47

	ATm  goto 39
	PathTm  goto 82
	AscribeTm  goto 41


State 109 contains 1 shift/reduce conflict.


91 terminals, 27 nonterminals
101 grammar rules, 220 states
